<?xml version="1.0" encoding="UTF-8" ?>
<testsuite errors="0" failures="0" hostname="A9ARAJEDRAN3" name="com.gwservices.test.gunit.GUnitTestSuite" tests="1" time="104.114" timestamp="2017-08-03T18:29:22">
  <properties>
    <property name="com.guidewire.pl:testresult-formatter:jar" value="C:\UAIC\803\CC803DBUpgrade\repository\com\guidewire\pl\testresult-formatter\1.0-SNAPSHOT\testresult-formatter-1.0-SNAPSHOT.jar" />
    <property name="org.gosu-lang.gosu.managed:gw-antlr-runtime:jar" value="C:\UAIC\803\CC803DBUpgrade\repository\org\gosu-lang\gosu\managed\gw-antlr-runtime\3.4-3\gw-antlr-runtime-3.4-3.jar" />
    <property name="gw.managed:xalan-without-bcel:jar" value="C:\UAIC\803\CC803DBUpgrade\repository\gw\managed\xalan-without-bcel\2.7.1\xalan-without-bcel-2.7.1.jar" />
    <property name="org.seleniumhq.selenium:selenium-chrome-driver:jar" value="C:\UAIC\803\CC803DBUpgrade\repository\org\seleniumhq\selenium\selenium-chrome-driver\2.39.0\selenium-chrome-driver-2.39.0.jar" />
    <property name="org.apache.ant:com.springsource.org.apache.tools.ant.launch:jar" value="C:\UAIC\803\CC803DBUpgrade\repository\org\apache\ant\com.springsource.org.apache.tools.ant.launch\1.7.1\com.springsource.org.apache.tools.ant.launch-1.7.1.jar" />
    <property name="org.gosu-lang.gosu.managed:gw-asm-analysis:jar" value="C:\UAIC\803\CC803DBUpgrade\repository\org\gosu-lang\gosu\managed\gw-asm-analysis\3.1-3\gw-asm-analysis-3.1-3.jar" />
    <property name="com.google.gdata:gdata-core:jar" value="C:\UAIC\803\CC803DBUpgrade\repository\com\google\gdata\gdata-core\1.0\gdata-core-1.0.jar" />
    <property name="com.guidewire.pl:beangraphutil:jar" value="C:\UAIC\803\CC803DBUpgrade\repository\com\guidewire\pl\beangraphutil\1.0-SNAPSHOT\beangraphutil-1.0-SNAPSHOT.jar" />
    <property name="com.guidewire.pl.integration:gw-integration-inbound-plugin-db-api:jar" value="C:\UAIC\803\CC803DBUpgrade\repository\com\guidewire\pl\integration\gw-integration-inbound-plugin-db-api\0.1.23\gw-integration-inbound-plugin-db-api-0.1.23.jar" />
    <property name="ant.library.dir" value="C:\UAIC\803\CC803DBUpgrade\idea\lib\ant\lib" />
    <property name="gw.managed:xeger:jar" value="C:\UAIC\803\CC803DBUpgrade\repository\gw\managed\xeger\1.0\xeger-1.0.jar" />
    <property name="ant.core.lib" value="C:\UAIC\803\CC803DBUpgrade\idea\lib\ant\lib\ant.jar" />
    <property name="user.dir" value="C:\UAIC\803\CC803DBUpgrade" />
    <property name="com.guidewire.pl:util:jar" value="C:\UAIC\803\CC803DBUpgrade\repository\com\guidewire\pl\util\1.0-SNAPSHOT\util-1.0-SNAPSHOT.jar" />
    <property name="java.vm.version" value="23.6-b04-dcevm-13" />
    <property name="org.seleniumhq.selenium:selenium-safari-driver:jar" value="C:\UAIC\803\CC803DBUpgrade\repository\org\seleniumhq\selenium\selenium-safari-driver\2.39.0\selenium-safari-driver-2.39.0.jar" />
    <property name="gw.managed:bfopdf-stamp:jar" value="C:\UAIC\803\CC803DBUpgrade\repository\gw\managed\bfopdf-stamp\2.13.2\bfopdf-stamp-2.13.2.jar" />
    <property name="com.google.guava:guava:jar" value="C:\UAIC\803\CC803DBUpgrade\repository\com\google\guava\guava\12.0\guava-12.0.jar" />
    <property name="gw.app.name" value="ClaimCenter" />
    <property name="commons-lang:commons-lang:jar" value="C:\UAIC\803\CC803DBUpgrade\repository\commons-lang\commons-lang\2.4\commons-lang-2.4.jar" />
    <property name="org.gosu-lang.gosu:gosu-process:jar" value="C:\UAIC\803\CC803DBUpgrade\repository\org\gosu-lang\gosu\gosu-process\0.11-SNAPSHOT\gosu-process-0.11-SNAPSHOT.jar" />
    <property name="sun.os.patch.level" value="Service Pack 1" />
    <property name="com.guidewire.pl:perfdownload-collector-test:jar" value="C:\UAIC\803\CC803DBUpgrade\repository\com\guidewire\pl\perfdownload-collector-test\1.0-SNAPSHOT\perfdownload-collector-test-1.0-SNAPSHOT.jar" />
    <property name="java.vm.specification.name" value="Java Virtual Machine Specification" />
    <property name="org.apache.log4j:com.springsource.org.apache.log4j:jar" value="C:\UAIC\803\CC803DBUpgrade\repository\org\apache\log4j\com.springsource.org.apache.log4j\1.2.16\com.springsource.org.apache.log4j-1.2.16.jar" />
    <property name="org.apache.bcel:com.springsource.org.apache.bcel:jar" value="C:\UAIC\803\CC803DBUpgrade\repository\org\apache\bcel\com.springsource.org.apache.bcel\5.2.0\com.springsource.org.apache.bcel-5.2.0.jar" />
    <property name="org.slf4j:slf4j-log4j12:jar" value="C:\UAIC\803\CC803DBUpgrade\repository\org\slf4j\slf4j-log4j12\1.7.5\slf4j-log4j12-1.7.5.jar" />
    <property name="org.eclipse.jetty:jetty-util:jar" value="C:\UAIC\803\CC803DBUpgrade\repository\org\eclipse\jetty\jetty-util\8.1.12.v20130726\jetty-util-8.1.12.v20130726.jar" />
    <property name="os.name" value="Windows 7" />
    <property name="com.google.gdata:gdata-docs-meta:jar" value="C:\UAIC\803\CC803DBUpgrade\repository\com\google\gdata\gdata-docs-meta\1.0\gdata-docs-meta-1.0.jar" />
    <property name="commons-jxpath:commons-jxpath:jar" value="C:\UAIC\803\CC803DBUpgrade\repository\commons-jxpath\commons-jxpath\1.1\commons-jxpath-1.1.jar" />
    <property name="org.apache.solr:solr-solrj:jar" value="C:\UAIC\803\CC803DBUpgrade\repository\org\apache\solr\solr-solrj\4.7.2\solr-solrj-4.7.2.jar" />
    <property name="testpackage" value="gwservices" />
    <property name="net.sourceforge.htmlunit:htmlunit:jar" value="C:\UAIC\803\CC803DBUpgrade\repository\net\sourceforge\htmlunit\htmlunit\2.13\htmlunit-2.13.jar" />
    <property name="java.vendor.url.bug" value="http://bugreport.sun.com/bugreport/" />
    <property name="com.guidewire.pl:pl-appserver-websphere:jar" value="C:\UAIC\803\CC803DBUpgrade\repository\com\guidewire\pl\pl-appserver-websphere\1.0-SNAPSHOT\pl-appserver-websphere-1.0-SNAPSHOT.jar" />
    <property name="configenv.home" value="C:/UAIC/803/CC803DBUpgrade" />
    <property name="os.arch" value="amd64" />
    <property name="user.name" value="araje" />
    <property name="sun.java.command" value="org.apache.tools.ant.taskdefs.optional.junit.JUnitTestRunner com.gwservices.test.gunit.GUnitTestSuite filtertrace=true haltOnError=false haltOnFailure=false formatter=org.apache.tools.ant.taskdefs.optional.junit.SummaryJUnitResultFormatter showoutput=true outputtoformatters=true logfailedtests=true logtestlistenerevents=false formatter=org.apache.tools.ant.taskdefs.optional.junit.XMLJUnitResultFormatter,C:\UAIC\803\CC803DBUpgrade\modules\GUnitTestLauncher\reports\raw\TEST-com.gwservices.test.gunit.GUnitTestSuite.xml crashfile=C:\UAIC\803\CC803DBUpgrade\modules\GUnitTestLauncher\junitvmwatcher6288392762351554597.properties propsfile=C:\UAIC\803\CC803DBUpgrade\modules\GUnitTestLauncher\junit7838260398727973122.properties" />
    <property name="org.apache.xmlgraphics:batik-parser:jar" value="C:\UAIC\803\CC803DBUpgrade\repository\org\apache\xmlgraphics\batik-parser\1.7\batik-parser-1.7.jar" />
    <property name="org.webbitserver:webbit:jar" value="C:\UAIC\803\CC803DBUpgrade\repository\org\webbitserver\webbit\0.4.14\webbit-0.4.14.jar" />
    <property name="com.guidewire.pl:contact:jar" value="C:\UAIC\803\CC803DBUpgrade\repository\com\guidewire\pl\contact\1.0-SNAPSHOT\contact-1.0-SNAPSHOT.jar" />
    <property name="oro:oro:jar" value="C:\UAIC\803\CC803DBUpgrade\repository\oro\oro\2.0.8\oro-2.0.8.jar" />
    <property name="org.apache.xmlgraphics:batik-svggen:jar" value="C:\UAIC\803\CC803DBUpgrade\repository\org\apache\xmlgraphics\batik-svggen\1.7\batik-svggen-1.7.jar" />
    <property name="org.eclipse.jetty:jetty-http:jar" value="C:\UAIC\803\CC803DBUpgrade\repository\org\eclipse\jetty\jetty-http\8.1.12.v20130726\jetty-http-8.1.12.v20130726.jar" />
    <property name="org.custommonkey.xmlunit:com.springsource.org.custommonkey.xmlunit:jar" value="C:\UAIC\803\CC803DBUpgrade\repository\org\custommonkey\xmlunit\com.springsource.org.custommonkey.xmlunit\1.2.0\com.springsource.org.custommonkey.xmlunit-1.2.0.jar" />
    <property name="gw.managed.osgi:libphonenumber:jar" value="C:\UAIC\803\CC803DBUpgrade\repository\gw\managed\osgi\libphonenumber\5.1\libphonenumber-5.1.jar" />
    <property name="org.aspectj:aspectjrt:jar" value="C:\UAIC\803\CC803DBUpgrade\repository\org\aspectj\aspectjrt\1.2.1\aspectjrt-1.2.1.jar" />
    <property name="org.apache.httpcomponents:httpmime:jar" value="C:\UAIC\803\CC803DBUpgrade\repository\org\apache\httpcomponents\httpmime\4.3.1\httpmime-4.3.1.jar" />
    <property name="user.country" value="US" />
    <property name="commons-cli:commons-cli:jar" value="C:\UAIC\803\CC803DBUpgrade\repository\commons-cli\commons-cli\1.2\commons-cli-1.2.jar" />
    <property name="avalon-framework:avalon-framework-impl:jar" value="C:\UAIC\803\CC803DBUpgrade\repository\avalon-framework\avalon-framework-impl\4.2.0\avalon-framework-impl-4.2.0.jar" />
    <property name="org.eclipse.jetty:jetty-websocket:jar" value="C:\UAIC\803\CC803DBUpgrade\repository\org\eclipse\jetty\jetty-websocket\8.1.12.v20130726\jetty-websocket-8.1.12.v20130726.jar" />
    <property name="javax.servlet:servlet-api:jar" value="C:\UAIC\803\CC803DBUpgrade\repository\javax\servlet\servlet-api\2.5\servlet-api-2.5.jar" />
    <property name="org.apache.xmlgraphics:batik-css:jar" value="C:\UAIC\803\CC803DBUpgrade\repository\org\apache\xmlgraphics\batik-css\1.7\batik-css-1.7.jar" />
    <property name="org.joda:joda-convert:jar" value="C:\UAIC\803\CC803DBUpgrade\repository\org\joda\joda-convert\1.3\joda-convert-1.3.jar" />
    <property name="net.sourceforge.cssparser:cssparser:jar" value="C:\UAIC\803\CC803DBUpgrade\repository\net\sourceforge\cssparser\cssparser\0.9.11\cssparser-0.9.11.jar" />
    <property name="org.gosu-lang.gosu.managed:gw-jetty-util:jar" value="C:\UAIC\803\CC803DBUpgrade\repository\org\gosu-lang\gosu\managed\gw-jetty-util\6.1.26RC0-4\gw-jetty-util-6.1.26RC0-4.jar" />
    <property name="com.google.gdata:gdata-spreadsheet:jar" value="C:\UAIC\803\CC803DBUpgrade\repository\com\google\gdata\gdata-spreadsheet\1.0\gdata-spreadsheet-1.0.jar" />
    <property name="gw.managed:gw-wsdl4j:jar" value="C:\UAIC\803\CC803DBUpgrade\repository\gw\managed\gw-wsdl4j\1.6.2\gw-wsdl4j-1.6.2.jar" />
    <property name="gw.managed:gw-axis:jar" value="C:\UAIC\803\CC803DBUpgrade\repository\gw\managed\gw-axis\0\gw-axis-0.jar" />
    <property name="java.endorsed.dirs" value="C:\java\jdk1.7.0_25\jre\lib\endorsed" />
    <property name="org.w3c.css:sac:jar" value="C:\UAIC\803\CC803DBUpgrade\repository\org\w3c\css\sac\1.3\sac-1.3.jar" />
    <property name="org.gosu-lang.gosu.managed:gw-commons-logging:jar" value="C:\UAIC\803\CC803DBUpgrade\repository\org\gosu-lang\gosu\managed\gw-commons-logging\1.1.1-3\gw-commons-logging-1.1.1-3.jar" />
    <property name="net.java.dev.jna:platform:jar" value="C:\UAIC\803\CC803DBUpgrade\repository\net\java\dev\jna\platform\3.4.0\platform-3.4.0.jar" />
    <property name="org.apache.ws.security:wss4j:jar" value="C:\UAIC\803\CC803DBUpgrade\repository\org\apache\ws\security\wss4j\1.5.9\wss4j-1.5.9.jar" />
    <property name="reportdir" value="C:/UAIC/803/CC803DBUpgrade/modules/GUnitTestLauncher/reports/raw" />
    <property name="java.vm.specification.version" value="1.7" />
    <property name="configenv.enable" value="true" />
    <property name="com.guidewire.pl.integration:gw-integration-inbound-plugin-jms-api:jar" value="C:\UAIC\803\CC803DBUpgrade\repository\com\guidewire\pl\integration\gw-integration-inbound-plugin-jms-api\0.1.23\gw-integration-inbound-plugin-jms-api-0.1.23.jar" />
    <property name="org.seleniumhq.selenium:selenium-java:jar" value="C:\UAIC\803\CC803DBUpgrade\repository\org\seleniumhq\selenium\selenium-java\2.39.0\selenium-java-2.39.0.jar" />
    <property name="com.oracle.samples.jnlp:jnlp-servlet:jar" value="C:\UAIC\803\CC803DBUpgrade\repository\com\oracle\samples\jnlp\jnlp-servlet\1.7.0_55\jnlp-servlet-1.7.0_55.jar" />
    <property name="sslext:sslext:jar" value="C:\UAIC\803\CC803DBUpgrade\repository\sslext\sslext\1.2-0\sslext-1.2-0.jar" />
    <property name="java.vendor" value="Oracle Corporation" />
    <property name="com.guidewire.pl:perfdownload-analyzer-test:jar" value="C:\UAIC\803\CC803DBUpgrade\repository\com\guidewire\pl\perfdownload-analyzer-test\1.0-SNAPSHOT\perfdownload-analyzer-test-1.0-SNAPSHOT.jar" />
    <property name="org.gosu-lang.gosu:gosu-servlet:jar" value="C:\UAIC\803\CC803DBUpgrade\repository\org\gosu-lang\gosu\gosu-servlet\0.11-SNAPSHOT\gosu-servlet-0.11-SNAPSHOT.jar" />
    <property name="file.separator" value="\" />
    <property name="org.antlr:com.springsource.org.antlr.runtime:jar" value="C:\UAIC\803\CC803DBUpgrade\repository\org\antlr\com.springsource.org.antlr.runtime\3.1.3\com.springsource.org.antlr.runtime-3.1.3.jar" />
    <property name="com.guidewire.pl:perfdownload-analyzer:jar" value="C:\UAIC\803\CC803DBUpgrade\repository\com\guidewire\pl\perfdownload-analyzer\1.0-SNAPSHOT\perfdownload-analyzer-1.0-SNAPSHOT.jar" />
    <property name="user.variant" value="" />
    <property name="org.slf4j:slf4j-api:jar" value="C:\UAIC\803\CC803DBUpgrade\repository\org\slf4j\slf4j-api\1.7.5\slf4j-api-1.7.5.jar" />
    <property name="sun.java.launcher" value="SUN_STANDARD" />
    <property name="suite" value="com.gwservices.test.gunit.GUnitTestSuite" />
    <property name="ant.home" value="C:\UAIC\803\CC803DBUpgrade\idea\lib\ant" />
    <property name="org.easytesting:fest-util:jar" value="C:\UAIC\803\CC803DBUpgrade\repository\org\easytesting\fest-util\1.1.4\fest-util-1.1.4.jar" />
    <property name="ant.java.version" value="1.7" />
    <property name="java.library.path" value="C:\java\jdk1.7.0_25\jre\bin;C:\Windows\Sun\Java\bin;C:\Windows\system32;C:\Windows;C:\java\jdk1.7.0_25\bin;C:\ant\apache-ant-1.8.2\bin;C:\Program Files\Common Files\Microsoft Shared\Windows Live;C:\Program Files (x86)\Common Files\Microsoft Shared\Windows Live;C:\ProgramData\Oracle\Java\javapath;C:\Program Files (x86)\Intel\iCLS Client\;C:\Program Files\Intel\iCLS Client\;C:\Windows\system32;C:\Windows;C:\Windows\System32\Wbem;C:\Windows\System32\WindowsPowerShell\v1.0\;C:\Program Files\Intel\Intel(R) Management Engine Components\DAL;C:\Program Files\Intel\Intel(R) Management Engine Components\IPT;C:\Program Files (x86)\Intel\Intel(R) Management Engine Components\DAL;C:\Program Files (x86)\Intel\Intel(R) Management Engine Components\IPT;C:\Program Files\Lenovo\Fingerprint Manager Pro\;C:\Program Files (x86)\Lenovo\Access Connections\;C:\Program Files (x86)\IBM\Client Access\Emulator;C:\Program Files (x86)\IBM\Client Access\Shared;C:\Program Files (x86)\IBM\Client Access\;C:\spycs32\;C:\cc 5 to 7\apache-ant-1.7.1\bin;C:\Program Files (x86)\Java\jdk1.6.0_25\bin;c:\Program Files (x86)\Microsoft SQL Server\90\Tools\binn\;c:\Program Files (x86)\Microsoft SQL Server\100\Tools\Binn\;c:\Program Files\Microsoft SQL Server\100\Tools\Binn\;c:\Program Files\Microsoft SQL Server\100\DTS\Binn\;c:\Program Files (x86)\Microsoft SQL Server\100\Tools\Binn\VSShell\Common7\IDE\;c:\Program Files (x86)\Microsoft Visual Studio 9.0\Common7\IDE\PrivateAssemblies\;c:\Program Files (x86)\Microsoft SQL Server\100\DTS\Binn\;C:\Program Files\TortoiseSVN\bin;C:\ant\apache-ant-1.7.1\bin;C:\Program Files (x86)\Microsoft SQL Server\110\Tools\Binn\;C:\Program Files\Microsoft SQL Server\110\Tools\Binn\;C:\Program Files\Microsoft SQL Server\110\DTS\Binn\;C:\Program Files (x86)\Microsoft SQL Server\110\Tools\Binn\ManagementStudio\;C:\Program Files (x86)\Microsoft SQL Server\110\DTS\Binn\;C:\ant\apache-ant-1.8.2\bin;C:\java\jdk1.7.0_25\bin;C:\Program Files (x86)\QuickTime\QTSystem\;C:\Program Files (x86)\Windows Live\Shared;C:\Program Files\nodejs\;C:\Program Files (x86)\Windows Kits\8.0\Windows Performance Toolkit\;C:\Program Files\Microsoft\Web Platform Installer\;C:\Windows\system32\config\systemprofile\.dnx\bin;C:\Program Files\Microsoft DNX\Dnvm\;C:\Program Files\Microsoft SQL Server\130\Tools\Binn\;C:\Program Files\Intel\WiFi\bin\;C:\Program Files\Common Files\Intel\WirelessCommon\;C:\Program Files (x86)\Skype\Phone\;C:\Users\araje\AppData\Roaming\npm;C:\Program Files\Intel\WiFi\bin\;C:\Program Files\Common Files\Intel\WirelessCommon\;." />
    <property name="com.guidewire.pl.integration:gw-integration-cm-api:jar" value="C:\UAIC\803\CC803DBUpgrade\repository\com\guidewire\pl\integration\gw-integration-cm-api\0.1.23\gw-integration-cm-api-0.1.23.jar" />
    <property name="javax.xml:jaxrpc-api-osgi:jar" value="C:\UAIC\803\CC803DBUpgrade\repository\javax\xml\jaxrpc-api-osgi\1.1-b01\jaxrpc-api-osgi-1.1-b01.jar" />
    <property name="sun.arch.data.model" value="64" />
    <property name="basedir" value="C:\UAIC\803\CC803DBUpgrade\modules\GUnitTestLauncher" />
    <property name="com.guidewire.pl:pl-appserver-jboss:jar" value="C:\UAIC\803\CC803DBUpgrade\repository\com\guidewire\pl\pl-appserver-jboss\1.0-SNAPSHOT\pl-appserver-jboss-1.0-SNAPSHOT.jar" />
    <property name="path.separator" value=";" />
    <property name="org.mortbay.jetty:jetty-util:jar" value="C:\UAIC\803\CC803DBUpgrade\repository\org\mortbay\jetty\jetty-util\6.1.23\jetty-util-6.1.23.jar" />
    <property name="sun.io.unicode.encoding" value="UnicodeLittle" />
    <property name="com.ibm.icu:icu4j:jar" value="C:\UAIC\803\CC803DBUpgrade\repository\com\ibm\icu\icu4j\51.2\icu4j-51.2.jar" />
    <property name="jline:jline:jar" value="C:\UAIC\803\CC803DBUpgrade\repository\jline\jline\0.9.94\jline-0.9.94.jar" />
    <property name="gw.managed:bfopdf:jar" value="C:\UAIC\803\CC803DBUpgrade\repository\gw\managed\bfopdf\2.13.2\bfopdf-2.13.2.jar" />
    <property name="user.language" value="en" />
    <property name="com.fasterxml.uuid:java-uuid-generator:jar" value="C:\UAIC\803\CC803DBUpgrade\repository\com\fasterxml\uuid\java-uuid-generator\3.1.3\java-uuid-generator-3.1.3.jar" />
    <property name="org.apache.xmlgraphics:batik-anim:jar" value="C:\UAIC\803\CC803DBUpgrade\repository\org\apache\xmlgraphics\batik-anim\1.7\batik-anim-1.7.jar" />
    <property name="org.codehaus.woodstox:woodstox-core-asl:jar" value="C:\UAIC\803\CC803DBUpgrade\repository\org\codehaus\woodstox\woodstox-core-asl\4.1.2\woodstox-core-asl-4.1.2.jar" />
    <property name="gw.managed:bfopdf-qrcode:jar" value="C:\UAIC\803\CC803DBUpgrade\repository\gw\managed\bfopdf-qrcode\2.13.2\bfopdf-qrcode-2.13.2.jar" />
    <property name="org.easymock:easymock:jar" value="C:\UAIC\803\CC803DBUpgrade\repository\org\easymock\easymock\3.1\easymock-3.1.jar" />
    <property name="org.seleniumhq.selenium:selenium-api:jar" value="C:\UAIC\803\CC803DBUpgrade\repository\org\seleniumhq\selenium\selenium-api\2.39.0\selenium-api-2.39.0.jar" />
    <property name="ant.project.invoked-targets" value="runReport" />
    <property name="commons-dbcp:commons-dbcp:jar" value="C:\UAIC\803\CC803DBUpgrade\repository\commons-dbcp\commons-dbcp\1.4\commons-dbcp-1.4.jar" />
    <property name="org.slf4j:slf4j-ext:jar" value="C:\UAIC\803\CC803DBUpgrade\repository\org\slf4j\slf4j-ext\1.7.5\slf4j-ext-1.7.5.jar" />
    <property name="commons-math:commons-math:jar" value="C:\UAIC\803\CC803DBUpgrade\repository\commons-math\commons-math\1.2\commons-math-1.2.jar" />
    <property name="commons-logging:commons-logging:jar" value="C:\UAIC\803\CC803DBUpgrade\repository\commons-logging\commons-logging\1.1.1\commons-logging-1.1.1.jar" />
    <property name="org.apache.ant:com.springsource.org.apache.tools.ant:jar" value="C:\UAIC\803\CC803DBUpgrade\repository\org\apache\ant\com.springsource.org.apache.tools.ant\1.7.1\com.springsource.org.apache.tools.ant-1.7.1.jar" />
    <property name="biz.aQute:bndlib:jar" value="C:\UAIC\803\CC803DBUpgrade\repository\biz\aQute\bndlib\1.50.0\bndlib-1.50.0.jar" />
    <property name="java.class.version" value="51.0" />
    <property name="com.google.gdata:gdata-base:jar" value="C:\UAIC\803\CC803DBUpgrade\repository\com\google\gdata\gdata-base\1.0\gdata-base-1.0.jar" />
    <property name="org.eclipse.jetty:jetty-io:jar" value="C:\UAIC\803\CC803DBUpgrade\repository\org\eclipse\jetty\jetty-io\8.1.12.v20130726\jetty-io-8.1.12.v20130726.jar" />
    <property name="ant.file.Custom Java Project build" value="C:\UAIC\803\CC803DBUpgrade\modules\GUnitTestLauncher\gosutest.xml" />
    <property name="com.guidewire.pl:pl:jar" value="C:\UAIC\803\CC803DBUpgrade\repository\com\guidewire\pl\pl\1.0-SNAPSHOT\pl-1.0-SNAPSHOT.jar" />
    <property name="commons-io:commons-io:jar" value="C:\UAIC\803\CC803DBUpgrade\repository\commons-io\commons-io\2.4\commons-io-2.4.jar" />
    <property name="org.gosu-lang.gosu:gosu-xml:jar" value="C:\UAIC\803\CC803DBUpgrade\repository\org\gosu-lang\gosu\gosu-xml\0.11-SNAPSHOT\gosu-xml-0.11-SNAPSHOT.jar" />
    <property name="file.encoding.pkg" value="sun.io" />
    <property name="sun.cpu.endian" value="little" />
    <property name="c3p0:c3p0:jar" value="C:\UAIC\803\CC803DBUpgrade\repository\c3p0\c3p0\0.9.1.1\c3p0-0.9.1.1.jar" />
    <property name="com.google.gdata:gdata-client:jar" value="C:\UAIC\803\CC803DBUpgrade\repository\com\google\gdata\gdata-client\1.0\gdata-client-1.0.jar" />
    <property name="ant.file.type.Custom Java Project build" value="file" />
    <property name="gw.managed:sqlinform-pro:jar" value="C:\UAIC\803\CC803DBUpgrade\repository\gw\managed\sqlinform-pro\4.8.49\sqlinform-pro-4.8.49.jar" />
    <property name="com.guidewire.pl:dbcp-fragment:jar" value="C:\UAIC\803\CC803DBUpgrade\repository\com\guidewire\pl\dbcp-fragment\1.0-SNAPSHOT\dbcp-fragment-1.0-SNAPSHOT.jar" />
    <property name="gw.managed:sqljdbc4:jar" value="C:\UAIC\803\CC803DBUpgrade\repository\gw\managed\sqljdbc4\4.0.2206.100\sqljdbc4-4.0.2206.100.jar" />
    <property name="java.home" value="C:\java\jdk1.7.0_25\jre" />
    <property name="org.easytesting:fest-assert:jar" value="C:\UAIC\803\CC803DBUpgrade\repository\org\easytesting\fest-assert\1.3\fest-assert-1.3.jar" />
    <property name="org.apache.httpcomponents:httpclient:jar" value="C:\UAIC\803\CC803DBUpgrade\repository\org\apache\httpcomponents\httpclient\4.3.1\httpclient-4.3.1.jar" />
    <property name="com.guidewire.pl:plugin:jar" value="C:\UAIC\803\CC803DBUpgrade\repository\com\guidewire\pl\plugin\1.0-SNAPSHOT\plugin-1.0-SNAPSHOT.jar" />
    <property name="org.gosu-lang.gosu:gosu-webservices:jar" value="C:\UAIC\803\CC803DBUpgrade\repository\org\gosu-lang\gosu\gosu-webservices\0.11-SNAPSHOT\gosu-webservices-0.11-SNAPSHOT.jar" />
    <property name="ant.project.default-target" value="runReport" />
    <property name="org.hamcrest:hamcrest-core:jar" value="C:\UAIC\803\CC803DBUpgrade\repository\org\hamcrest\hamcrest-core\1.3\hamcrest-core-1.3.jar" />
    <property name="com.guidewire.pl:pl-gunit:jar" value="C:\UAIC\803\CC803DBUpgrade\repository\com\guidewire\pl\pl-gunit\1.0-SNAPSHOT\pl-gunit-1.0-SNAPSHOT.jar" />
    <property name="com.thoughtworks.qdox:qdox:jar" value="C:\UAIC\803\CC803DBUpgrade\repository\com\thoughtworks\qdox\qdox\1.12\qdox-1.12.jar" />
    <property name="org.apache.velocity:velocity-tools:jar" value="C:\UAIC\803\CC803DBUpgrade\repository\org\apache\velocity\velocity-tools\1.3\velocity-tools-1.3.jar" />
    <property name="org.jgroups:jgroups:jar" value="C:\UAIC\803\CC803DBUpgrade\repository\org\jgroups\jgroups\3.2.7.Final\jgroups-3.2.7.Final.jar" />
    <property name="ant.file.GWSuiteTests" value="C:\UAIC\803\CC803DBUpgrade\modules\GUnitTestLauncher\build.xml" />
    <property name="org.seleniumhq.selenium:selenium-htmlunit-driver:jar" value="C:\UAIC\803\CC803DBUpgrade\repository\org\seleniumhq\selenium\selenium-htmlunit-driver\2.39.0\selenium-htmlunit-driver-2.39.0.jar" />
    <property name="gw.pc.env" value="standaloneh2" />
    <property name="commons-validator:commons-validator:jar" value="C:\UAIC\803\CC803DBUpgrade\repository\commons-validator\commons-validator\1.3.1\commons-validator-1.3.1.jar" />
    <property name="gw.managed:bfopdf-cmap:jar" value="C:\UAIC\803\CC803DBUpgrade\repository\gw\managed\bfopdf-cmap\2.13.2\bfopdf-cmap-2.13.2.jar" />
    <property name="sun.management.compiler" value="HotSpot 64-Bit Tiered Compilers" />
    <property name="gunit.test.packages" value="gwservices" />
    <property name="org.apache.xmlgraphics:xmlgraphics-commons:jar" value="C:\UAIC\803\CC803DBUpgrade\repository\org\apache\xmlgraphics\xmlgraphics-commons\1.5\xmlgraphics-commons-1.5.jar" />
    <property name="org.gosu-lang.gosu:gosu-launcher-impl:jar" value="C:\UAIC\803\CC803DBUpgrade\repository\org\gosu-lang\gosu\gosu-launcher-impl\2.0\gosu-launcher-impl-2.0.jar" />
    <property name="org.seleniumhq.selenium:selenium-support:jar" value="C:\UAIC\803\CC803DBUpgrade\repository\org\seleniumhq\selenium\selenium-support\2.39.0\selenium-support-2.39.0.jar" />
    <property name="ant.file" value="C:\UAIC\803\CC803DBUpgrade\modules\GUnitTestLauncher\gosutest.xml" />
    <property name="com.guidewire.cc:cc-gunit:jar" value="C:\UAIC\803\CC803DBUpgrade\repository\com\guidewire\cc\cc-gunit\1.0-SNAPSHOT\cc-gunit-1.0-SNAPSHOT.jar" />
    <property name="com.guidewire.pl.web:org.json:jar" value="C:\UAIC\803\CC803DBUpgrade\repository\com\guidewire\pl\web\org.json\1.0.0\org.json-1.0.0.jar" />
    <property name="com.google.gdata:gdata-docs:jar" value="C:\UAIC\803\CC803DBUpgrade\repository\com\google\gdata\gdata-docs\1.0\gdata-docs-1.0.jar" />
    <property name="org.gosu-lang.gosu.managed:gw-xercesImpl:jar" value="C:\UAIC\803\CC803DBUpgrade\repository\org\gosu-lang\gosu\managed\gw-xercesImpl\2.11.0\gw-xercesImpl-2.11.0.jar" />
    <property name="gw.app" value="ClaimCenter" />
    <property name="java.vm.specification.vendor" value="Oracle Corporation" />
    <property name="org.apache.poi:poi-ooxml-schemas:jar" value="C:\UAIC\803\CC803DBUpgrade\repository\org\apache\poi\poi-ooxml-schemas\3.8\poi-ooxml-schemas-3.8.jar" />
    <property name="cc.env" value="gtest" />
    <property name="java.vm.name" value="Dynamic Code Evolution 64-Bit Server VM" />
    <property name="gw.managed:strutstest:jar" value="C:\UAIC\803\CC803DBUpgrade\repository\gw\managed\strutstest\2.1.3\strutstest-2.1.3.jar" />
    <property name="org.gosu-lang.gosu:gosu-core-api:jar" value="C:\UAIC\803\CC803DBUpgrade\repository\org\gosu-lang\gosu\gosu-core-api\0.11-SNAPSHOT\gosu-core-api-0.11-SNAPSHOT.jar" />
    <property name="java.io.tmpdir" value="C:\Users\araje\AppData\Local\Temp\" />
    <property name="java.vendor.url" value="http://java.oracle.com/" />
    <property name="gw.app.home" value="C:/UAIC/803/CC803DBUpgrade" />
    <property name="org.mortbay.jetty:start:jar" value="C:\UAIC\803\CC803DBUpgrade\repository\org\mortbay\jetty\start\6.1.23\start-6.1.23.jar" />
    <property name="com.guidewire.pl:modules:jar" value="C:\UAIC\803\CC803DBUpgrade\repository\com\guidewire\pl\modules\1.0-SNAPSHOT\modules-1.0-SNAPSHOT.jar" />
    <property name="gw.managed:cotta:jar" value="C:\UAIC\803\CC803DBUpgrade\repository\gw\managed\cotta\3.0.0-beta\cotta-3.0.0-beta.jar" />
    <property name="org.apache.cactus:cactus:jar" value="C:\UAIC\803\CC803DBUpgrade\repository\org\apache\cactus\cactus\1.7.1\cactus-1.7.1.jar" />
    <property name="com.guidewire.pl:heatmap:jar" value="C:\UAIC\803\CC803DBUpgrade\repository\com\guidewire\pl\heatmap\1.0-SNAPSHOT\heatmap-1.0-SNAPSHOT.jar" />
    <property name="org.apache.geronimo.specs:geronimo-jms_1.1_spec:jar" value="C:\UAIC\803\CC803DBUpgrade\repository\org\apache\geronimo\specs\geronimo-jms_1.1_spec\1.1.1\geronimo-jms_1.1_spec-1.1.1.jar" />
    <property name="sun.boot.library.path" value="C:\java\jdk1.7.0_25\jre\bin" />
    <property name="org.seleniumhq.selenium:selenium-android-driver:jar" value="C:\UAIC\803\CC803DBUpgrade\repository\org\seleniumhq\selenium\selenium-android-driver\2.39.0\selenium-android-driver-2.39.0.jar" />
    <property name="com.guidewire.pl.servlet:gw-servlet-filters:jar" value="C:\UAIC\803\CC803DBUpgrade\repository\com\guidewire\pl\servlet\gw-servlet-filters\1.0.0\gw-servlet-filters-1.0.0.jar" />
    <property name="org.gosu-lang.gosu.managed:gw-jetty:jar" value="C:\UAIC\803\CC803DBUpgrade\repository\org\gosu-lang\gosu\managed\gw-jetty\6.1.26RC0-4\gw-jetty-6.1.26RC0-4.jar" />
    <property name="avalon-framework:avalon-framework-api:jar" value="C:\UAIC\803\CC803DBUpgrade\repository\avalon-framework\avalon-framework-api\4.2.0\avalon-framework-api-4.2.0.jar" />
    <property name="com.guidewire.pl:pl-documentassistant:jar" value="C:\UAIC\803\CC803DBUpgrade\repository\com\guidewire\pl\pl-documentassistant\8.2.2\pl-documentassistant-8.2.2.jar" />
    <property name="org.apache.xmlgraphics:fop:jar" value="C:\UAIC\803\CC803DBUpgrade\repository\org\apache\xmlgraphics\fop\1.1\fop-1.1.jar" />
    <property name="java.runtime.name" value="Java(TM) SE Runtime Environment" />
    <property name="xml-apis:xml-apis-ext:jar" value="C:\UAIC\803\CC803DBUpgrade\repository\xml-apis\xml-apis-ext\1.3.04\xml-apis-ext-1.3.04.jar" />
    <property name="ant.project.name" value="Custom Java Project build" />
    <property name="net.sourceforge.nekohtml:nekohtml:jar" value="C:\UAIC\803\CC803DBUpgrade\repository\net\sourceforge\nekohtml\nekohtml\1.9.19\nekohtml-1.9.19.jar" />
    <property name="org.apache.xmlgraphics:batik-awt-util:jar" value="C:\UAIC\803\CC803DBUpgrade\repository\org\apache\xmlgraphics\batik-awt-util\1.7\batik-awt-util-1.7.jar" />
    <property name="sun.cpu.isalist" value="amd64" />
    <property name="classes.path" value="C:\UAIC\803\CC803DBUpgrade\repository\com\guidewire\cc\cc-gunit\1.0-SNAPSHOT\cc-gunit-1.0-SNAPSHOT.jar;C:\UAIC\803\CC803DBUpgrade\repository\com\guidewire\cc\cc\1.0-SNAPSHOT\cc-1.0-SNAPSHOT.jar;C:\UAIC\803\CC803DBUpgrade\repository\com\guidewire\cc\cc-plugin\1.0-SNAPSHOT\cc-plugin-1.0-SNAPSHOT.jar;C:\UAIC\803\CC803DBUpgrade\repository\com\guidewire\pl\plugin\1.0-SNAPSHOT\plugin-1.0-SNAPSHOT.jar;C:\UAIC\803\CC803DBUpgrade\repository\com\guidewire\pl\util\1.0-SNAPSHOT\util-1.0-SNAPSHOT.jar;C:\UAIC\803\CC803DBUpgrade\repository\com\h2database\h2\1.2.147\h2-1.2.147.jar;C:\UAIC\803\CC803DBUpgrade\repository\gw\managed\db2jcc4\4.16.53\db2jcc4-4.16.53.jar;C:\UAIC\803\CC803DBUpgrade\repository\gw\managed\ojdbc7\12.1.0.1.0-prod\ojdbc7-12.1.0.1.0-prod.jar;C:\UAIC\803\CC803DBUpgrade\repository\gw\managed\sqljdbc4\4.0.2206.100\sqljdbc4-4.0.2206.100.jar;C:\UAIC\803\CC803DBUpgrade\repository\com\guidewire\pl\dbcp-fragment\1.0-SNAPSHOT\dbcp-fragment-1.0-SNAPSHOT.jar;C:\UAIC\803\CC803DBUpgrade\repository\javax\servlet\servlet-api\2.5\servlet-api-2.5.jar;C:\UAIC\803\CC803DBUpgrade\repository\com\google\code\findbugs\jsr305\2.0.1\jsr305-2.0.1.jar;C:\UAIC\803\CC803DBUpgrade\repository\gw\managed\sqlinform-pro\4.8.49\sqlinform-pro-4.8.49.jar;C:\UAIC\803\CC803DBUpgrade\repository\org\gosu-lang\gosu\gosu-core-api\0.11-SNAPSHOT\gosu-core-api-0.11-SNAPSHOT.jar;C:\UAIC\803\CC803DBUpgrade\repository\org\gosu-lang\gosu\managed\gw-commons-cli\1.2-1\gw-commons-cli-1.2-1.jar;C:\UAIC\803\CC803DBUpgrade\repository\org\gosu-lang\gosu\managed\gw-antlr-runtime\3.4-3\gw-antlr-runtime-3.4-3.jar;C:\UAIC\803\CC803DBUpgrade\repository\org\gosu-lang\gosu\managed\gw-asm\3.1-3\gw-asm-3.1-3.jar;C:\UAIC\803\CC803DBUpgrade\repository\org\gosu-lang\gosu\managed\gw-asm-analysis\3.1-3\gw-asm-analysis-3.1-3.jar;C:\UAIC\803\CC803DBUpgrade\repository\org\gosu-lang\gosu\managed\gw-asm-commons\3.1-3\gw-asm-commons-3.1-3.jar;C:\UAIC\803\CC803DBUpgrade\repository\org\gosu-lang\gosu\managed\gw-asm-tree\3.1-3\gw-asm-tree-3.1-3.jar;C:\UAIC\803\CC803DBUpgrade\repository\org\gosu-lang\gosu\managed\gw-asm-util\3.1-3\gw-asm-util-3.1-3.jar;C:\UAIC\803\CC803DBUpgrade\repository\org\gosu-lang\gosu\managed\gw-commons-collections\3.2.1-3\gw-commons-collections-3.2.1-3.jar;C:\UAIC\803\CC803DBUpgrade\repository\org\gosu-lang\gosu\managed\gw-xercesImpl\2.11.0\gw-xercesImpl-2.11.0.jar;C:\UAIC\803\CC803DBUpgrade\repository\org\gosu-lang\gosu\managed\gw-commons-logging\1.1.1-3\gw-commons-logging-1.1.1-3.jar;C:\UAIC\803\CC803DBUpgrade\repository\org\gosu-lang\gosu\managed\gw-jetty\6.1.26RC0-4\gw-jetty-6.1.26RC0-4.jar;C:\UAIC\803\CC803DBUpgrade\repository\org\gosu-lang\gosu\managed\gw-jetty-util\6.1.26RC0-4\gw-jetty-util-6.1.26RC0-4.jar;C:\UAIC\803\CC803DBUpgrade\repository\org\gosu-lang\gosu\gosu-launcher-api\2\gosu-launcher-api-2.jar;C:\UAIC\803\CC803DBUpgrade\repository\org\gosu-lang\gosu\gosu-launcher-impl\2.0\gosu-launcher-impl-2.0.jar;C:\UAIC\803\CC803DBUpgrade\repository\org\gosu-lang\gosu\gosu-core\0.11-SNAPSHOT\gosu-core-0.11-SNAPSHOT.jar;C:\UAIC\803\CC803DBUpgrade\repository\org\gosu-lang\gosu\gosu-process\0.11-SNAPSHOT\gosu-process-0.11-SNAPSHOT.jar;C:\UAIC\803\CC803DBUpgrade\repository\org\gosu-lang\gosu\gosu-servlet\0.11-SNAPSHOT\gosu-servlet-0.11-SNAPSHOT.jar;C:\UAIC\803\CC803DBUpgrade\repository\com\guidewire\pl\modules\1.0-SNAPSHOT\modules-1.0-SNAPSHOT.jar;C:\UAIC\803\CC803DBUpgrade\repository\org\gosu-lang\gosu\gosu-webservices\0.11-SNAPSHOT\gosu-webservices-0.11-SNAPSHOT.jar;C:\UAIC\803\CC803DBUpgrade\repository\org\gosu-lang\gosu\gosu-xml\0.11-SNAPSHOT\gosu-xml-0.11-SNAPSHOT.jar;C:\UAIC\803\CC803DBUpgrade\repository\jline\jline\0.9.94\jline-0.9.94.jar;C:\UAIC\803\CC803DBUpgrade\repository\junit\junit\4.11\junit-4.11.jar;C:\UAIC\803\CC803DBUpgrade\repository\gw\managed\bfopdf\2.13.2\bfopdf-2.13.2.jar;C:\UAIC\803\CC803DBUpgrade\repository\gw\managed\bfopdf-cmap\2.13.2\bfopdf-cmap-2.13.2.jar;C:\UAIC\803\CC803DBUpgrade\repository\gw\managed\bfopdf-qrcode\2.13.2\bfopdf-qrcode-2.13.2.jar;C:\UAIC\803\CC803DBUpgrade\repository\gw\managed\bfopdf-stamp\2.13.2\bfopdf-stamp-2.13.2.jar;C:\UAIC\803\CC803DBUpgrade\repository\commons-beanutils\commons-beanutils\1.8.3\commons-beanutils-1.8.3.jar;C:\UAIC\803\CC803DBUpgrade\repository\commons-logging\commons-logging\1.1.1\commons-logging-1.1.1.jar;C:\UAIC\803\CC803DBUpgrade\repository\commons-cli\commons-cli\1.2\commons-cli-1.2.jar;C:\UAIC\803\CC803DBUpgrade\repository\commons-collections\commons-collections\3.2.1\commons-collections-3.2.1.jar;C:\UAIC\803\CC803DBUpgrade\repository\commons-codec\commons-codec\1.6\commons-codec-1.6.jar;C:\UAIC\803\CC803DBUpgrade\repository\commons-dbcp\commons-dbcp\1.4\commons-dbcp-1.4.jar;C:\UAIC\803\CC803DBUpgrade\repository\commons-pool\commons-pool\1.5.4\commons-pool-1.5.4.jar;C:\UAIC\803\CC803DBUpgrade\repository\commons-digester\commons-digester\2.1\commons-digester-2.1.jar;C:\UAIC\803\CC803DBUpgrade\repository\commons-discovery\commons-discovery\0.5\commons-discovery-0.5.jar;C:\UAIC\803\CC803DBUpgrade\repository\commons-fileupload\commons-fileupload\1.2.2\commons-fileupload-1.2.2.jar;C:\UAIC\803\CC803DBUpgrade\repository\commons-httpclient\commons-httpclient\3.1\commons-httpclient-3.1.jar;C:\UAIC\803\CC803DBUpgrade\repository\commons-io\commons-io\2.4\commons-io-2.4.jar;C:\UAIC\803\CC803DBUpgrade\repository\commons-jxpath\commons-jxpath\1.1\commons-jxpath-1.1.jar;C:\UAIC\803\CC803DBUpgrade\repository\commons-lang\commons-lang\2.4\commons-lang-2.4.jar;C:\UAIC\803\CC803DBUpgrade\repository\commons-math\commons-math\1.2\commons-math-1.2.jar;C:\UAIC\803\CC803DBUpgrade\repository\gw\managed\cotta\3.0.0-beta\cotta-3.0.0-beta.jar;C:\UAIC\803\CC803DBUpgrade\repository\org\apache\xmlgraphics\fop\1.1\fop-1.1.jar;C:\UAIC\803\CC803DBUpgrade\repository\org\apache\xmlgraphics\xmlgraphics-commons\1.5\xmlgraphics-commons-1.5.jar;C:\UAIC\803\CC803DBUpgrade\repository\org\apache\xmlgraphics\batik-svg-dom\1.7\batik-svg-dom-1.7.jar;C:\UAIC\803\CC803DBUpgrade\repository\org\apache\xmlgraphics\batik-anim\1.7\batik-anim-1.7.jar;C:\UAIC\803\CC803DBUpgrade\repository\org\apache\xmlgraphics\batik-awt-util\1.7\batik-awt-util-1.7.jar;C:\UAIC\803\CC803DBUpgrade\repository\org\apache\xmlgraphics\batik-util\1.7\batik-util-1.7.jar;C:\UAIC\803\CC803DBUpgrade\repository\org\apache\xmlgraphics\batik-dom\1.7\batik-dom-1.7.jar;C:\UAIC\803\CC803DBUpgrade\repository\org\apache\xmlgraphics\batik-css\1.7\batik-css-1.7.jar;C:\UAIC\803\CC803DBUpgrade\repository\org\apache\xmlgraphics\batik-ext\1.7\batik-ext-1.7.jar;C:\UAIC\803\CC803DBUpgrade\repository\xml-apis\xml-apis-ext\1.3.04\xml-apis-ext-1.3.04.jar;C:\UAIC\803\CC803DBUpgrade\repository\org\apache\xmlgraphics\batik-xml\1.7\batik-xml-1.7.jar;C:\UAIC\803\CC803DBUpgrade\repository\org\apache\xmlgraphics\batik-parser\1.7\batik-parser-1.7.jar;C:\UAIC\803\CC803DBUpgrade\repository\org\apache\xmlgraphics\batik-bridge\1.7\batik-bridge-1.7.jar;C:\UAIC\803\CC803DBUpgrade\repository\org\apache\xmlgraphics\batik-gvt\1.7\batik-gvt-1.7.jar;C:\UAIC\803\CC803DBUpgrade\repository\org\apache\xmlgraphics\batik-script\1.7\batik-script-1.7.jar;C:\UAIC\803\CC803DBUpgrade\repository\org\apache\xmlgraphics\batik-transcoder\1.7\batik-transcoder-1.7.jar;C:\UAIC\803\CC803DBUpgrade\repository\org\apache\xmlgraphics\batik-svggen\1.7\batik-svggen-1.7.jar;C:\UAIC\803\CC803DBUpgrade\repository\org\apache\xmlgraphics\batik-extension\1.7\batik-extension-1.7.jar;C:\UAIC\803\CC803DBUpgrade\repository\avalon-framework\avalon-framework-api\4.2.0\avalon-framework-api-4.2.0.jar;C:\UAIC\803\CC803DBUpgrade\repository\avalon-framework\avalon-framework-impl\4.2.0\avalon-framework-impl-4.2.0.jar;C:\UAIC\803\CC803DBUpgrade\repository\gw\managed\batik-gui-util\1.7\batik-gui-util-1.7.jar;C:\UAIC\803\CC803DBUpgrade\repository\com\google\gdata\gdata-core\1.0\gdata-core-1.0.jar;C:\UAIC\803\CC803DBUpgrade\repository\com\google\guava\guava\12.0\guava-12.0.jar;C:\UAIC\803\CC803DBUpgrade\repository\gw\managed\gw-axis\0\gw-axis-0.jar;C:\UAIC\803\CC803DBUpgrade\repository\gw\managed\htmIndex\0\htmIndex-0.jar;C:\UAIC\803\CC803DBUpgrade\repository\com\ibm\icu\icu4j\51.2\icu4j-51.2.jar;C:\UAIC\803\CC803DBUpgrade\repository\oro\oro\2.0.8\oro-2.0.8.jar;C:\UAIC\803\CC803DBUpgrade\repository\javax\xml\jaxrpc-api-osgi\1.1-b01\jaxrpc-api-osgi-1.1-b01.jar;C:\UAIC\803\CC803DBUpgrade\repository\org\mortbay\jetty\jetty\6.1.23\jetty-6.1.23.jar;C:\UAIC\803\CC803DBUpgrade\repository\org\mortbay\jetty\jetty-util\6.1.23\jetty-util-6.1.23.jar;C:\UAIC\803\CC803DBUpgrade\repository\org\mortbay\jetty\start\6.1.23\start-6.1.23.jar;C:\UAIC\803\CC803DBUpgrade\repository\gw\managed\jFdfTk\0\jFdfTk-0.jar;C:\UAIC\803\CC803DBUpgrade\repository\org\jgroups\jgroups\3.2.7.Final\jgroups-3.2.7.Final.jar;C:\UAIC\803\CC803DBUpgrade\repository\joda-time\joda-time\2.0\joda-time-2.0.jar;C:\UAIC\803\CC803DBUpgrade\repository\org\joda\joda-convert\1.3\joda-convert-1.3.jar;C:\UAIC\803\CC803DBUpgrade\repository\org\apache\log4j\com.springsource.org.apache.log4j\1.2.16\com.springsource.org.apache.log4j-1.2.16.jar;C:\UAIC\803\CC803DBUpgrade\repository\org\apache\geronimo\javamail\geronimo-javamail_1.4_mail\1.8.3\geronimo-javamail_1.4_mail-1.8.3.jar;C:\UAIC\803\CC803DBUpgrade\repository\org\quartz-scheduler\quartz\2.1.6\quartz-2.1.6.jar;C:\UAIC\803\CC803DBUpgrade\repository\c3p0\c3p0\0.9.1.1\c3p0-0.9.1.1.jar;C:\UAIC\803\CC803DBUpgrade\repository\org\slf4j\slf4j-api\1.7.5\slf4j-api-1.7.5.jar;C:\UAIC\803\CC803DBUpgrade\repository\org\seleniumhq\selenium\selenium-java\2.39.0\selenium-java-2.39.0.jar;C:\UAIC\803\CC803DBUpgrade\repository\org\seleniumhq\selenium\selenium-android-driver\2.39.0\selenium-android-driver-2.39.0.jar;C:\UAIC\803\CC803DBUpgrade\repository\org\seleniumhq\selenium\selenium-remote-driver\2.39.0\selenium-remote-driver-2.39.0.jar;C:\UAIC\803\CC803DBUpgrade\repository\org\seleniumhq\selenium\selenium-api\2.39.0\selenium-api-2.39.0.jar;C:\UAIC\803\CC803DBUpgrade\repository\org\apache\httpcomponents\httpclient\4.3.1\httpclient-4.3.1.jar;C:\UAIC\803\CC803DBUpgrade\repository\org\apache\httpcomponents\httpcore\4.3\httpcore-4.3.jar;C:\UAIC\803\CC803DBUpgrade\repository\org\apache\commons\commons-exec\1.1\commons-exec-1.1.jar;C:\UAIC\803\CC803DBUpgrade\repository\net\java\dev\jna\jna\3.4.0\jna-3.4.0.jar;C:\UAIC\803\CC803DBUpgrade\repository\net\java\dev\jna\platform\3.4.0\platform-3.4.0.jar;C:\UAIC\803\CC803DBUpgrade\repository\org\seleniumhq\selenium\selenium-chrome-driver\2.39.0\selenium-chrome-driver-2.39.0.jar;C:\UAIC\803\CC803DBUpgrade\repository\org\seleniumhq\selenium\selenium-htmlunit-driver\2.39.0\selenium-htmlunit-driver-2.39.0.jar;C:\UAIC\803\CC803DBUpgrade\repository\net\sourceforge\htmlunit\htmlunit\2.13\htmlunit-2.13.jar;C:\UAIC\803\CC803DBUpgrade\repository\org\apache\commons\commons-lang3\3.1\commons-lang3-3.1.jar;C:\UAIC\803\CC803DBUpgrade\repository\org\apache\httpcomponents\httpmime\4.3.1\httpmime-4.3.1.jar;C:\UAIC\803\CC803DBUpgrade\repository\net\sourceforge\htmlunit\htmlunit-core-js\2.13\htmlunit-core-js-2.13.jar;C:\UAIC\803\CC803DBUpgrade\repository\net\sourceforge\nekohtml\nekohtml\1.9.19\nekohtml-1.9.19.jar;C:\UAIC\803\CC803DBUpgrade\repository\net\sourceforge\cssparser\cssparser\0.9.11\cssparser-0.9.11.jar;C:\UAIC\803\CC803DBUpgrade\repository\org\w3c\css\sac\1.3\sac-1.3.jar;C:\UAIC\803\CC803DBUpgrade\repository\org\eclipse\jetty\jetty-websocket\8.1.12.v20130726\jetty-websocket-8.1.12.v20130726.jar;C:\UAIC\803\CC803DBUpgrade\repository\org\eclipse\jetty\jetty-util\8.1.12.v20130726\jetty-util-8.1.12.v20130726.jar;C:\UAIC\803\CC803DBUpgrade\repository\org\eclipse\jetty\jetty-io\8.1.12.v20130726\jetty-io-8.1.12.v20130726.jar;C:\UAIC\803\CC803DBUpgrade\repository\org\eclipse\jetty\jetty-http\8.1.12.v20130726\jetty-http-8.1.12.v20130726.jar;C:\UAIC\803\CC803DBUpgrade\repository\org\seleniumhq\selenium\selenium-firefox-driver\2.39.0\selenium-firefox-driver-2.39.0.jar;C:\UAIC\803\CC803DBUpgrade\repository\org\seleniumhq\selenium\selenium-ie-driver\2.39.0\selenium-ie-driver-2.39.0.jar;C:\UAIC\803\CC803DBUpgrade\repository\org\seleniumhq\selenium\selenium-iphone-driver\2.39.0\selenium-iphone-driver-2.39.0.jar;C:\UAIC\803\CC803DBUpgrade\repository\org\seleniumhq\selenium\selenium-safari-driver\2.39.0\selenium-safari-driver-2.39.0.jar;C:\UAIC\803\CC803DBUpgrade\repository\org\webbitserver\webbit\0.4.14\webbit-0.4.14.jar;C:\UAIC\803\CC803DBUpgrade\repository\io\netty\netty\3.6.6.Final\netty-3.6.6.Final.jar;C:\UAIC\803\CC803DBUpgrade\repository\org\seleniumhq\selenium\selenium-support\2.39.0\selenium-support-2.39.0.jar;C:\UAIC\803\CC803DBUpgrade\repository\xalan\serializer\2.7.1\serializer-2.7.1.jar;C:\UAIC\803\CC803DBUpgrade\repository\org\slf4j\slf4j-log4j12\1.7.5\slf4j-log4j12-1.7.5.jar;C:\UAIC\803\CC803DBUpgrade\repository\org\slf4j\slf4j-ext\1.7.5\slf4j-ext-1.7.5.jar;C:\UAIC\803\CC803DBUpgrade\repository\ch\qos\cal10n\cal10n-api\0.7.4\cal10n-api-0.7.4.jar;C:\UAIC\803\CC803DBUpgrade\repository\org\apache\velocity\velocity\1.5\velocity-1.5.jar;C:\UAIC\803\CC803DBUpgrade\repository\org\apache\velocity\velocity-tools\1.3\velocity-tools-1.3.jar;C:\UAIC\803\CC803DBUpgrade\repository\commons-validator\commons-validator\1.3.1\commons-validator-1.3.1.jar;C:\UAIC\803\CC803DBUpgrade\repository\sslext\sslext\1.2-0\sslext-1.2-0.jar;C:\UAIC\803\CC803DBUpgrade\repository\gw\managed\gw-wsdl4j\1.6.2\gw-wsdl4j-1.6.2.jar;C:\UAIC\803\CC803DBUpgrade\repository\org\apache\ws\security\wss4j\1.5.9\wss4j-1.5.9.jar;C:\UAIC\803\CC803DBUpgrade\repository\gw\managed\xalan-without-bcel\2.7.1\xalan-without-bcel-2.7.1.jar;C:\UAIC\803\CC803DBUpgrade\repository\org\apache\santuario\xmlsec\1.4.3\xmlsec-1.4.3.jar;C:\UAIC\803\CC803DBUpgrade\repository\com\googlecode\json-simple\json-simple\1.1.1\json-simple-1.1.1.jar;C:\UAIC\803\CC803DBUpgrade\repository\gw\managed\osgi\libphonenumber\5.1\libphonenumber-5.1.jar;C:\UAIC\803\CC803DBUpgrade\repository\org\antlr\com.springsource.org.antlr.runtime\3.1.3\com.springsource.org.antlr.runtime-3.1.3.jar;C:\UAIC\803\CC803DBUpgrade\repository\org\custommonkey\xmlunit\com.springsource.org.custommonkey.xmlunit\1.2.0\com.springsource.org.custommonkey.xmlunit-1.2.0.jar;C:\UAIC\803\CC803DBUpgrade\repository\com\guidewire\commons\performance\perf-analyzer\1.0.8\perf-analyzer-1.0.8.jar;C:\UAIC\803\CC803DBUpgrade\repository\com\guidewire\cc\cc-typeloader\1.0-SNAPSHOT\cc-typeloader-1.0-SNAPSHOT.jar;C:\UAIC\803\CC803DBUpgrade\repository\com\guidewire\pl\heatmap\1.0-SNAPSHOT\heatmap-1.0-SNAPSHOT.jar;C:\UAIC\803\CC803DBUpgrade\repository\com\guidewire\pl\pl\1.0-SNAPSHOT\pl-1.0-SNAPSHOT.jar;C:\UAIC\803\CC803DBUpgrade\repository\com\guidewire\pl\perfdownload-analyzer\1.0-SNAPSHOT\perfdownload-analyzer-1.0-SNAPSHOT.jar;C:\UAIC\803\CC803DBUpgrade\repository\com\guidewire\pl\perfdownload-collector\1.0-SNAPSHOT\perfdownload-collector-1.0-SNAPSHOT.jar;C:\UAIC\803\CC803DBUpgrade\repository\com\guidewire\pl\solr\1.0-SNAPSHOT\solr-1.0-SNAPSHOT.jar;C:\UAIC\803\CC803DBUpgrade\repository\org\apache\solr\solr-solrj\4.7.2\solr-solrj-4.7.2.jar;C:\UAIC\803\CC803DBUpgrade\repository\log4j\log4j\1.2.16\log4j-1.2.16.jar;C:\UAIC\803\CC803DBUpgrade\repository\org\apache\zookeeper\zookeeper\3.4.5\zookeeper-3.4.5.jar;C:\UAIC\803\CC803DBUpgrade\repository\org\noggit\noggit\0.5\noggit-0.5.jar;C:\UAIC\803\CC803DBUpgrade\repository\com\guidewire\pl\web\org.json\1.0.0\org.json-1.0.0.jar;C:\UAIC\803\CC803DBUpgrade\repository\org\hamcrest\hamcrest-core\1.3\hamcrest-core-1.3.jar;C:\UAIC\803\CC803DBUpgrade\repository\gw\managed\osgi\equinox\org.eclipse.osgi\3.8.0\org.eclipse.osgi-3.8.0.jar;C:\UAIC\803\CC803DBUpgrade\repository\org\apache\geronimo\specs\geronimo-jms_1.1_spec\1.1.1\geronimo-jms_1.1_spec-1.1.1.jar;C:\UAIC\803\CC803DBUpgrade\repository\com\guidewire\pl\integration\gw-integration-runtime-api\0.1.23\gw-integration-runtime-api-0.1.23.jar;C:\UAIC\803\CC803DBUpgrade\repository\biz\aQute\bndlib\1.50.0\bndlib-1.50.0.jar;C:\UAIC\803\CC803DBUpgrade\repository\com\guidewire\pl\integration\gw-integration-cm-api\0.1.23\gw-integration-cm-api-0.1.23.jar;C:\UAIC\803\CC803DBUpgrade\repository\com\guidewire\pl\integration\gw-integration-jndi-api\0.1.23\gw-integration-jndi-api-0.1.23.jar;C:\UAIC\803\CC803DBUpgrade\repository\com\guidewire\pl\integration\gw-integration-execution-api\0.1.23\gw-integration-execution-api-0.1.23.jar;C:\UAIC\803\CC803DBUpgrade\repository\com\guidewire\pl\integration\gw-integration-inbound-api\0.1.23\gw-integration-inbound-api-0.1.23.jar;C:\UAIC\803\CC803DBUpgrade\repository\com\guidewire\pl\integration\gw-integration-inbound-plugin-files-api\0.1.23\gw-integration-inbound-plugin-files-api-0.1.23.jar;C:\UAIC\803\CC803DBUpgrade\repository\com\guidewire\pl\integration\gw-integration-inbound-plugin-db-api\0.1.23\gw-integration-inbound-plugin-db-api-0.1.23.jar;C:\UAIC\803\CC803DBUpgrade\repository\com\guidewire\pl\integration\gw-integration-inbound-plugin-jms-api\0.1.23\gw-integration-inbound-plugin-jms-api-0.1.23.jar;C:\UAIC\803\CC803DBUpgrade\repository\com\fasterxml\uuid\java-uuid-generator\3.1.3\java-uuid-generator-3.1.3.jar;C:\UAIC\803\CC803DBUpgrade\repository\gw\managed\sdoapi\12.1.0.1.0\sdoapi-12.1.0.1.0.jar;C:\UAIC\803\CC803DBUpgrade\repository\org\apache\poi\poi-ooxml\3.8\poi-ooxml-3.8.jar;C:\UAIC\803\CC803DBUpgrade\repository\org\apache\poi\poi\3.8\poi-3.8.jar;C:\UAIC\803\CC803DBUpgrade\repository\org\apache\poi\poi-ooxml-schemas\3.8\poi-ooxml-schemas-3.8.jar;C:\UAIC\803\CC803DBUpgrade\repository\org\apache\xmlbeans\xmlbeans\2.3.0\xmlbeans-2.3.0.jar;C:\UAIC\803\CC803DBUpgrade\repository\dom4j\dom4j\1.6.1\dom4j-1.6.1.jar;C:\UAIC\803\CC803DBUpgrade\repository\xml-resolver\xml-resolver\1.2\xml-resolver-1.2.jar;C:\UAIC\803\CC803DBUpgrade\repository\org\codehaus\woodstox\woodstox-core-asl\4.1.2\woodstox-core-asl-4.1.2.jar;C:\UAIC\803\CC803DBUpgrade\repository\org\codehaus\woodstox\stax2-api\3.1.1\stax2-api-3.1.1.jar;C:\UAIC\803\CC803DBUpgrade\repository\com\guidewire\pl\servlet\gw-servlet-filters\1.0.0\gw-servlet-filters-1.0.0.jar;C:\UAIC\803\CC803DBUpgrade\repository\com\oracle\samples\jnlp\jnlp-servlet\1.7.0_55\jnlp-servlet-1.7.0_55.jar;C:\UAIC\803\CC803DBUpgrade\repository\com\guidewire\pl\beangraphutil\1.0-SNAPSHOT\beangraphutil-1.0-SNAPSHOT.jar;C:\UAIC\803\CC803DBUpgrade\repository\com\guidewire\pl\contact\1.0-SNAPSHOT\contact-1.0-SNAPSHOT.jar;C:\UAIC\803\CC803DBUpgrade\repository\com\guidewire\pl\pl-documentassistant\8.2.2\pl-documentassistant-8.2.2.jar;C:\UAIC\803\CC803DBUpgrade\repository\com\guidewire\pl\pl-appserver-websphere\1.0-SNAPSHOT\pl-appserver-websphere-1.0-SNAPSHOT.jar;C:\UAIC\803\CC803DBUpgrade\repository\com\guidewire\pl\pl-appserver-jboss\1.0-SNAPSHOT\pl-appserver-jboss-1.0-SNAPSHOT.jar;C:\UAIC\803\CC803DBUpgrade\repository\com\guidewire\pl\pl-gunit\1.0-SNAPSHOT\pl-gunit-1.0-SNAPSHOT.jar;C:\UAIC\803\CC803DBUpgrade\repository\com\guidewire\pl\perfdownload-analyzer-test\1.0-SNAPSHOT\perfdownload-analyzer-test-1.0-SNAPSHOT.jar;C:\UAIC\803\CC803DBUpgrade\repository\com\guidewire\pl\perfdownload-collector-test\1.0-SNAPSHOT\perfdownload-collector-test-1.0-SNAPSHOT.jar;C:\UAIC\803\CC803DBUpgrade\repository\org\gosu-lang\gosu\gosu-core-api-precompiled\0.11-SNAPSHOT\gosu-core-api-precompiled-0.11-SNAPSHOT.jar;C:\UAIC\803\CC803DBUpgrade\repository\org\gosu-lang\gosu\gosu-test-api\0.11-SNAPSHOT\gosu-test-api-0.11-SNAPSHOT.jar;C:\UAIC\803\CC803DBUpgrade\repository\org\easytesting\fest-assert\1.3\fest-assert-1.3.jar;C:\UAIC\803\CC803DBUpgrade\repository\org\easytesting\fest-util\1.1.4\fest-util-1.1.4.jar;C:\UAIC\803\CC803DBUpgrade\repository\org\apache\bcel\com.springsource.org.apache.bcel\5.2.0\com.springsource.org.apache.bcel-5.2.0.jar;C:\UAIC\803\CC803DBUpgrade\repository\org\gosu-lang\gosu\gosu-classredefiner\1.0.0\gosu-classredefiner-1.0.0.jar;C:\UAIC\803\CC803DBUpgrade\repository\com\guidewire\pl\testresult-formatter\1.0-SNAPSHOT\testresult-formatter-1.0-SNAPSHOT.jar;C:\UAIC\803\CC803DBUpgrade\repository\org\apache\ant\com.springsource.org.apache.tool.ant.taskdefs.optional.junit\1.7.1\com.springsource.org.apache.tool.ant.taskdefs.optional.junit-1.7.1.jar;C:\UAIC\803\CC803DBUpgrade\repository\org\apache\ant\com.springsource.org.apache.tools.ant\1.7.1\com.springsource.org.apache.tools.ant-1.7.1.jar;C:\UAIC\803\CC803DBUpgrade\repository\org\apache\ant\com.springsource.org.apache.tools.ant.launch\1.7.1\com.springsource.org.apache.tools.ant.launch-1.7.1.jar;C:\UAIC\803\CC803DBUpgrade\repository\org\apache\cactus\cactus\1.7.1\cactus-1.7.1.jar;C:\UAIC\803\CC803DBUpgrade\repository\org\aspectj\aspectjrt\1.2.1\aspectjrt-1.2.1.jar;C:\UAIC\803\CC803DBUpgrade\repository\org\easymock\easymock\3.1\easymock-3.1.jar;C:\UAIC\803\CC803DBUpgrade\repository\org\objenesis\objenesis\1.2\objenesis-1.2.jar;C:\UAIC\803\CC803DBUpgrade\repository\com\google\gdata\gdata-appsforyourdomain\1.0\gdata-appsforyourdomain-1.0.jar;C:\UAIC\803\CC803DBUpgrade\repository\com\google\gdata\gdata-appsforyourdomain-meta\1.0\gdata-appsforyourdomain-meta-1.0.jar;C:\UAIC\803\CC803DBUpgrade\repository\com\google\gdata\gdata-base\1.0\gdata-base-1.0.jar;C:\UAIC\803\CC803DBUpgrade\repository\com\google\gdata\gdata-client\1.0\gdata-client-1.0.jar;C:\UAIC\803\CC803DBUpgrade\repository\com\google\gdata\gdata-client-meta\1.0\gdata-client-meta-1.0.jar;C:\UAIC\803\CC803DBUpgrade\repository\com\google\gdata\gdata-docs\1.0\gdata-docs-1.0.jar;C:\UAIC\803\CC803DBUpgrade\repository\com\google\gdata\gdata-docs-meta\1.0\gdata-docs-meta-1.0.jar;C:\UAIC\803\CC803DBUpgrade\repository\com\google\gdata\gdata-media\1.0\gdata-media-1.0.jar;C:\UAIC\803\CC803DBUpgrade\repository\com\google\gdata\gdata-spreadsheet\1.0\gdata-spreadsheet-1.0.jar;C:\UAIC\803\CC803DBUpgrade\repository\com\google\gdata\gdata-spreadsheet-meta\1.0\gdata-spreadsheet-meta-1.0.jar;C:\UAIC\803\CC803DBUpgrade\repository\com\thoughtworks\qdox\qdox\1.12\qdox-1.12.jar;C:\UAIC\803\CC803DBUpgrade\repository\gw\managed\strutstest\2.1.3\strutstest-2.1.3.jar;C:\UAIC\803\CC803DBUpgrade\repository\gw\managed\automaton\1.11\automaton-1.11.jar;C:\UAIC\803\CC803DBUpgrade\repository\gw\managed\xeger\1.0\xeger-1.0.jar;C:\UAIC\803\CC803DBUpgrade\modules\GUnitTestLauncher\bin;C:\UAIC\803\CC803DBUpgrade\modules\configuration\config\registry" />
    <property name="commons-fileupload:commons-fileupload:jar" value="C:\UAIC\803\CC803DBUpgrade\repository\commons-fileupload\commons-fileupload\1.2.2\commons-fileupload-1.2.2.jar" />
    <property name="xalan:serializer:jar" value="C:\UAIC\803\CC803DBUpgrade\repository\xalan\serializer\2.7.1\serializer-2.7.1.jar" />
    <property name="com.googlecode.json-simple:json-simple:jar" value="C:\UAIC\803\CC803DBUpgrade\repository\com\googlecode\json-simple\json-simple\1.1.1\json-simple-1.1.1.jar" />
    <property name="gw.managed.osgi.equinox:org.eclipse.osgi:jar" value="C:\UAIC\803\CC803DBUpgrade\repository\gw\managed\osgi\equinox\org.eclipse.osgi\3.8.0\org.eclipse.osgi-3.8.0.jar" />
    <property name="org.gosu-lang.gosu.managed:gw-asm-commons:jar" value="C:\UAIC\803\CC803DBUpgrade\repository\org\gosu-lang\gosu\managed\gw-asm-commons\3.1-3\gw-asm-commons-3.1-3.jar" />
    <property name="user.home" value="C:\Users\araje" />
    <property name="gw.managed:htmIndex:jar" value="C:\UAIC\803\CC803DBUpgrade\repository\gw\managed\htmIndex\0\htmIndex-0.jar" />
    <property name="org.apache.santuario:xmlsec:jar" value="C:\UAIC\803\CC803DBUpgrade\repository\org\apache\santuario\xmlsec\1.4.3\xmlsec-1.4.3.jar" />
    <property name="com.guidewire.cc:cc-typeloader:jar" value="C:\UAIC\803\CC803DBUpgrade\repository\com\guidewire\cc\cc-typeloader\1.0-SNAPSHOT\cc-typeloader-1.0-SNAPSHOT.jar" />
    <property name="org.apache.velocity:velocity:jar" value="C:\UAIC\803\CC803DBUpgrade\repository\org\apache\velocity\velocity\1.5\velocity-1.5.jar" />
    <property name="org.objenesis:objenesis:jar" value="C:\UAIC\803\CC803DBUpgrade\repository\org\objenesis\objenesis\1.2\objenesis-1.2.jar" />
    <property name="java.specification.name" value="Java Platform API Specification" />
    <property name="org.apache.poi:poi-ooxml:jar" value="C:\UAIC\803\CC803DBUpgrade\repository\org\apache\poi\poi-ooxml\3.8\poi-ooxml-3.8.jar" />
    <property name="org.quartz-scheduler:quartz:jar" value="C:\UAIC\803\CC803DBUpgrade\repository\org\quartz-scheduler\quartz\2.1.6\quartz-2.1.6.jar" />
    <property name="net.java.dev.jna:jna:jar" value="C:\UAIC\803\CC803DBUpgrade\repository\net\java\dev\jna\jna\3.4.0\jna-3.4.0.jar" />
    <property name="java.specification.vendor" value="Oracle Corporation" />
    <property name="org.seleniumhq.selenium:selenium-iphone-driver:jar" value="C:\UAIC\803\CC803DBUpgrade\repository\org\seleniumhq\selenium\selenium-iphone-driver\2.39.0\selenium-iphone-driver-2.39.0.jar" />
    <property name="java.version" value="1.7.0_25" />
    <property name="org.apache.xmlgraphics:batik-gvt:jar" value="C:\UAIC\803\CC803DBUpgrade\repository\org\apache\xmlgraphics\batik-gvt\1.7\batik-gvt-1.7.jar" />
    <property name="xml-resolver:xml-resolver:jar" value="C:\UAIC\803\CC803DBUpgrade\repository\xml-resolver\xml-resolver\1.2\xml-resolver-1.2.jar" />
    <property name="gw.managed:batik-gui-util:jar" value="C:\UAIC\803\CC803DBUpgrade\repository\gw\managed\batik-gui-util\1.7\batik-gui-util-1.7.jar" />
    <property name="commons-pool:commons-pool:jar" value="C:\UAIC\803\CC803DBUpgrade\repository\commons-pool\commons-pool\1.5.4\commons-pool-1.5.4.jar" />
    <property name="log4j:log4j:jar" value="C:\UAIC\803\CC803DBUpgrade\repository\log4j\log4j\1.2.16\log4j-1.2.16.jar" />
    <property name="net.sourceforge.htmlunit:htmlunit-core-js:jar" value="C:\UAIC\803\CC803DBUpgrade\repository\net\sourceforge\htmlunit\htmlunit-core-js\2.13\htmlunit-core-js-2.13.jar" />
    <property name="commons-httpclient:commons-httpclient:jar" value="C:\UAIC\803\CC803DBUpgrade\repository\commons-httpclient\commons-httpclient\3.1\commons-httpclient-3.1.jar" />
    <property name="org.noggit:noggit:jar" value="C:\UAIC\803\CC803DBUpgrade\repository\org\noggit\noggit\0.5\noggit-0.5.jar" />
    <property name="dom4j:dom4j:jar" value="C:\UAIC\803\CC803DBUpgrade\repository\dom4j\dom4j\1.6.1\dom4j-1.6.1.jar" />
    <property name="org.apache.zookeeper:zookeeper:jar" value="C:\UAIC\803\CC803DBUpgrade\repository\org\apache\zookeeper\zookeeper\3.4.5\zookeeper-3.4.5.jar" />
    <property name="classes.dir" value="./bin" />
    <property name="com.guidewire.pl.integration:gw-integration-jndi-api:jar" value="C:\UAIC\803\CC803DBUpgrade\repository\com\guidewire\pl\integration\gw-integration-jndi-api\0.1.23\gw-integration-jndi-api-0.1.23.jar" />
    <property name="org.apache.xmlgraphics:batik-xml:jar" value="C:\UAIC\803\CC803DBUpgrade\repository\org\apache\xmlgraphics\batik-xml\1.7\batik-xml-1.7.jar" />
    <property name="org.gosu-lang.gosu.managed:gw-commons-cli:jar" value="C:\UAIC\803\CC803DBUpgrade\repository\org\gosu-lang\gosu\managed\gw-commons-cli\1.2-1\gw-commons-cli-1.2-1.jar" />
    <property name="org.mortbay.jetty:jetty:jar" value="C:\UAIC\803\CC803DBUpgrade\repository\org\mortbay\jetty\jetty\6.1.23\jetty-6.1.23.jar" />
    <property name="line.separator" value="
" />
    <property name="java.specification.version" value="1.7" />
    <property name="org.gosu-lang.gosu.managed:gw-asm-util:jar" value="C:\UAIC\803\CC803DBUpgrade\repository\org\gosu-lang\gosu\managed\gw-asm-util\3.1-3\gw-asm-util-3.1-3.jar" />
    <property name="java.vm.info" value="mixed mode" />
    <property name="ant.file.type.GWSuiteTests" value="file" />
    <property name="commons-codec:commons-codec:jar" value="C:\UAIC\803\CC803DBUpgrade\repository\commons-codec\commons-codec\1.6\commons-codec-1.6.jar" />
    <property name="com.google.gdata:gdata-spreadsheet-meta:jar" value="C:\UAIC\803\CC803DBUpgrade\repository\com\google\gdata\gdata-spreadsheet-meta\1.0\gdata-spreadsheet-meta-1.0.jar" />
    <property name="org.apache.geronimo.javamail:geronimo-javamail_1.4_mail:jar" value="C:\UAIC\803\CC803DBUpgrade\repository\org\apache\geronimo\javamail\geronimo-javamail_1.4_mail\1.8.3\geronimo-javamail_1.4_mail-1.8.3.jar" />
    <property name="sun.boot.class.path" value="C:\java\jdk1.7.0_25\jre\lib\resources.jar;C:\java\jdk1.7.0_25\jre\lib\rt.jar;C:\java\jdk1.7.0_25\jre\lib\sunrsasign.jar;C:\java\jdk1.7.0_25\jre\lib\jsse.jar;C:\java\jdk1.7.0_25\jre\lib\jce.jar;C:\java\jdk1.7.0_25\jre\lib\charsets.jar;C:\java\jdk1.7.0_25\jre\lib\jfr.jar;C:\java\jdk1.7.0_25\jre\classes" />
    <property name="com.h2database:h2:jar" value="C:\UAIC\803\CC803DBUpgrade\repository\com\h2database\h2\1.2.147\h2-1.2.147.jar" />
    <property name="org.apache.xmlgraphics:batik-dom:jar" value="C:\UAIC\803\CC803DBUpgrade\repository\org\apache\xmlgraphics\batik-dom\1.7\batik-dom-1.7.jar" />
    <property name="org.apache.commons:commons-exec:jar" value="C:\UAIC\803\CC803DBUpgrade\repository\org\apache\commons\commons-exec\1.1\commons-exec-1.1.jar" />
    <property name="org.apache.commons:commons-lang3:jar" value="C:\UAIC\803\CC803DBUpgrade\repository\org\apache\commons\commons-lang3\3.1\commons-lang3-3.1.jar" />
    <property name="org.gosu-lang.gosu.managed:gw-commons-collections:jar" value="C:\UAIC\803\CC803DBUpgrade\repository\org\gosu-lang\gosu\managed\gw-commons-collections\3.2.1-3\gw-commons-collections-3.2.1-3.jar" />
    <property name="gw.managed:automaton:jar" value="C:\UAIC\803\CC803DBUpgrade\repository\gw\managed\automaton\1.11\automaton-1.11.jar" />
    <property name="org.apache.xmlgraphics:batik-bridge:jar" value="C:\UAIC\803\CC803DBUpgrade\repository\org\apache\xmlgraphics\batik-bridge\1.7\batik-bridge-1.7.jar" />
    <property name="com.guidewire.pl:perfdownload-collector:jar" value="C:\UAIC\803\CC803DBUpgrade\repository\com\guidewire\pl\perfdownload-collector\1.0-SNAPSHOT\perfdownload-collector-1.0-SNAPSHOT.jar" />
    <property name="java.awt.printerjob" value="sun.awt.windows.WPrinterJob" />
    <property name="org.seleniumhq.selenium:selenium-remote-driver:jar" value="C:\UAIC\803\CC803DBUpgrade\repository\org\seleniumhq\selenium\selenium-remote-driver\2.39.0\selenium-remote-driver-2.39.0.jar" />
    <property name="org.gosu-lang.gosu:gosu-launcher-api:jar" value="C:\UAIC\803\CC803DBUpgrade\repository\org\gosu-lang\gosu\gosu-launcher-api\2\gosu-launcher-api-2.jar" />
    <property name="com.guidewire.cc:cc:jar" value="C:\UAIC\803\CC803DBUpgrade\repository\com\guidewire\cc\cc\1.0-SNAPSHOT\cc-1.0-SNAPSHOT.jar" />
    <property name="sun.jnu.encoding" value="Cp1252" />
    <property name="product.type" value="cc" />
    <property name="java.runtime.version" value="1.7.0_25-b17" />
    <property name="io.netty:netty:jar" value="C:\UAIC\803\CC803DBUpgrade\repository\io\netty\netty\3.6.6.Final\netty-3.6.6.Final.jar" />
    <property name="org.apache.xmlgraphics:batik-script:jar" value="C:\UAIC\803\CC803DBUpgrade\repository\org\apache\xmlgraphics\batik-script\1.7\batik-script-1.7.jar" />
    <property name="org.apache.xmlgraphics:batik-extension:jar" value="C:\UAIC\803\CC803DBUpgrade\repository\org\apache\xmlgraphics\batik-extension\1.7\batik-extension-1.7.jar" />
    <property name="com.google.gdata:gdata-media:jar" value="C:\UAIC\803\CC803DBUpgrade\repository\com\google\gdata\gdata-media\1.0\gdata-media-1.0.jar" />
    <property name="user.timezone" value="" />
    <property name="org.gosu-lang.gosu:gosu-core-api-precompiled:jar" value="C:\UAIC\803\CC803DBUpgrade\repository\org\gosu-lang\gosu\gosu-core-api-precompiled\0.11-SNAPSHOT\gosu-core-api-precompiled-0.11-SNAPSHOT.jar" />
    <property name="commons-collections:commons-collections:jar" value="C:\UAIC\803\CC803DBUpgrade\repository\commons-collections\commons-collections\3.2.1\commons-collections-3.2.1.jar" />
    <property name="com.guidewire.cc:cc-plugin:jar" value="C:\UAIC\803\CC803DBUpgrade\repository\com\guidewire\cc\cc-plugin\1.0-SNAPSHOT\cc-plugin-1.0-SNAPSHOT.jar" />
    <property name="java.ext.dirs" value="C:\java\jdk1.7.0_25\jre\lib\ext;C:\Windows\Sun\Java\lib\ext" />
    <property name="commons-digester:commons-digester:jar" value="C:\UAIC\803\CC803DBUpgrade\repository\commons-digester\commons-digester\2.1\commons-digester-2.1.jar" />
    <property name="gw.managed:sdoapi:jar" value="C:\UAIC\803\CC803DBUpgrade\repository\gw\managed\sdoapi\12.1.0.1.0\sdoapi-12.1.0.1.0.jar" />
    <property name="org.seleniumhq.selenium:selenium-firefox-driver:jar" value="C:\UAIC\803\CC803DBUpgrade\repository\org\seleniumhq\selenium\selenium-firefox-driver\2.39.0\selenium-firefox-driver-2.39.0.jar" />
    <property name="java.class.path" value="C:\UAIC\803\CC803DBUpgrade\repository\com\guidewire\cc\cc-gunit\1.0-SNAPSHOT\cc-gunit-1.0-SNAPSHOT.jar;C:\UAIC\803\CC803DBUpgrade\repository\com\guidewire\cc\cc\1.0-SNAPSHOT\cc-1.0-SNAPSHOT.jar;C:\UAIC\803\CC803DBUpgrade\repository\com\guidewire\cc\cc-plugin\1.0-SNAPSHOT\cc-plugin-1.0-SNAPSHOT.jar;C:\UAIC\803\CC803DBUpgrade\repository\com\guidewire\pl\plugin\1.0-SNAPSHOT\plugin-1.0-SNAPSHOT.jar;C:\UAIC\803\CC803DBUpgrade\repository\com\guidewire\pl\util\1.0-SNAPSHOT\util-1.0-SNAPSHOT.jar;C:\UAIC\803\CC803DBUpgrade\repository\com\h2database\h2\1.2.147\h2-1.2.147.jar;C:\UAIC\803\CC803DBUpgrade\repository\gw\managed\db2jcc4\4.16.53\db2jcc4-4.16.53.jar;C:\UAIC\803\CC803DBUpgrade\repository\gw\managed\ojdbc7\12.1.0.1.0-prod\ojdbc7-12.1.0.1.0-prod.jar;C:\UAIC\803\CC803DBUpgrade\repository\gw\managed\sqljdbc4\4.0.2206.100\sqljdbc4-4.0.2206.100.jar;C:\UAIC\803\CC803DBUpgrade\repository\com\guidewire\pl\dbcp-fragment\1.0-SNAPSHOT\dbcp-fragment-1.0-SNAPSHOT.jar;C:\UAIC\803\CC803DBUpgrade\repository\javax\servlet\servlet-api\2.5\servlet-api-2.5.jar;C:\UAIC\803\CC803DBUpgrade\repository\com\google\code\findbugs\jsr305\2.0.1\jsr305-2.0.1.jar;C:\UAIC\803\CC803DBUpgrade\repository\gw\managed\sqlinform-pro\4.8.49\sqlinform-pro-4.8.49.jar;C:\UAIC\803\CC803DBUpgrade\repository\org\gosu-lang\gosu\gosu-core-api\0.11-SNAPSHOT\gosu-core-api-0.11-SNAPSHOT.jar;C:\UAIC\803\CC803DBUpgrade\repository\org\gosu-lang\gosu\managed\gw-commons-cli\1.2-1\gw-commons-cli-1.2-1.jar;C:\UAIC\803\CC803DBUpgrade\repository\org\gosu-lang\gosu\managed\gw-antlr-runtime\3.4-3\gw-antlr-runtime-3.4-3.jar;C:\UAIC\803\CC803DBUpgrade\repository\org\gosu-lang\gosu\managed\gw-asm\3.1-3\gw-asm-3.1-3.jar;C:\UAIC\803\CC803DBUpgrade\repository\org\gosu-lang\gosu\managed\gw-asm-analysis\3.1-3\gw-asm-analysis-3.1-3.jar;C:\UAIC\803\CC803DBUpgrade\repository\org\gosu-lang\gosu\managed\gw-asm-commons\3.1-3\gw-asm-commons-3.1-3.jar;C:\UAIC\803\CC803DBUpgrade\repository\org\gosu-lang\gosu\managed\gw-asm-tree\3.1-3\gw-asm-tree-3.1-3.jar;C:\UAIC\803\CC803DBUpgrade\repository\org\gosu-lang\gosu\managed\gw-asm-util\3.1-3\gw-asm-util-3.1-3.jar;C:\UAIC\803\CC803DBUpgrade\repository\org\gosu-lang\gosu\managed\gw-commons-collections\3.2.1-3\gw-commons-collections-3.2.1-3.jar;C:\UAIC\803\CC803DBUpgrade\repository\org\gosu-lang\gosu\managed\gw-xercesImpl\2.11.0\gw-xercesImpl-2.11.0.jar;C:\UAIC\803\CC803DBUpgrade\repository\org\gosu-lang\gosu\managed\gw-commons-logging\1.1.1-3\gw-commons-logging-1.1.1-3.jar;C:\UAIC\803\CC803DBUpgrade\repository\org\gosu-lang\gosu\managed\gw-jetty\6.1.26RC0-4\gw-jetty-6.1.26RC0-4.jar;C:\UAIC\803\CC803DBUpgrade\repository\org\gosu-lang\gosu\managed\gw-jetty-util\6.1.26RC0-4\gw-jetty-util-6.1.26RC0-4.jar;C:\UAIC\803\CC803DBUpgrade\repository\org\gosu-lang\gosu\gosu-launcher-api\2\gosu-launcher-api-2.jar;C:\UAIC\803\CC803DBUpgrade\repository\org\gosu-lang\gosu\gosu-launcher-impl\2.0\gosu-launcher-impl-2.0.jar;C:\UAIC\803\CC803DBUpgrade\repository\org\gosu-lang\gosu\gosu-core\0.11-SNAPSHOT\gosu-core-0.11-SNAPSHOT.jar;C:\UAIC\803\CC803DBUpgrade\repository\org\gosu-lang\gosu\gosu-process\0.11-SNAPSHOT\gosu-process-0.11-SNAPSHOT.jar;C:\UAIC\803\CC803DBUpgrade\repository\org\gosu-lang\gosu\gosu-servlet\0.11-SNAPSHOT\gosu-servlet-0.11-SNAPSHOT.jar;C:\UAIC\803\CC803DBUpgrade\repository\com\guidewire\pl\modules\1.0-SNAPSHOT\modules-1.0-SNAPSHOT.jar;C:\UAIC\803\CC803DBUpgrade\repository\org\gosu-lang\gosu\gosu-webservices\0.11-SNAPSHOT\gosu-webservices-0.11-SNAPSHOT.jar;C:\UAIC\803\CC803DBUpgrade\repository\org\gosu-lang\gosu\gosu-xml\0.11-SNAPSHOT\gosu-xml-0.11-SNAPSHOT.jar;C:\UAIC\803\CC803DBUpgrade\repository\jline\jline\0.9.94\jline-0.9.94.jar;C:\UAIC\803\CC803DBUpgrade\repository\junit\junit\4.11\junit-4.11.jar;C:\UAIC\803\CC803DBUpgrade\repository\gw\managed\bfopdf\2.13.2\bfopdf-2.13.2.jar;C:\UAIC\803\CC803DBUpgrade\repository\gw\managed\bfopdf-cmap\2.13.2\bfopdf-cmap-2.13.2.jar;C:\UAIC\803\CC803DBUpgrade\repository\gw\managed\bfopdf-qrcode\2.13.2\bfopdf-qrcode-2.13.2.jar;C:\UAIC\803\CC803DBUpgrade\repository\gw\managed\bfopdf-stamp\2.13.2\bfopdf-stamp-2.13.2.jar;C:\UAIC\803\CC803DBUpgrade\repository\commons-beanutils\commons-beanutils\1.8.3\commons-beanutils-1.8.3.jar;C:\UAIC\803\CC803DBUpgrade\repository\commons-logging\commons-logging\1.1.1\commons-logging-1.1.1.jar;C:\UAIC\803\CC803DBUpgrade\repository\commons-cli\commons-cli\1.2\commons-cli-1.2.jar;C:\UAIC\803\CC803DBUpgrade\repository\commons-collections\commons-collections\3.2.1\commons-collections-3.2.1.jar;C:\UAIC\803\CC803DBUpgrade\repository\commons-codec\commons-codec\1.6\commons-codec-1.6.jar;C:\UAIC\803\CC803DBUpgrade\repository\commons-dbcp\commons-dbcp\1.4\commons-dbcp-1.4.jar;C:\UAIC\803\CC803DBUpgrade\repository\commons-pool\commons-pool\1.5.4\commons-pool-1.5.4.jar;C:\UAIC\803\CC803DBUpgrade\repository\commons-digester\commons-digester\2.1\commons-digester-2.1.jar;C:\UAIC\803\CC803DBUpgrade\repository\commons-discovery\commons-discovery\0.5\commons-discovery-0.5.jar;C:\UAIC\803\CC803DBUpgrade\repository\commons-fileupload\commons-fileupload\1.2.2\commons-fileupload-1.2.2.jar;C:\UAIC\803\CC803DBUpgrade\repository\commons-httpclient\commons-httpclient\3.1\commons-httpclient-3.1.jar;C:\UAIC\803\CC803DBUpgrade\repository\commons-io\commons-io\2.4\commons-io-2.4.jar;C:\UAIC\803\CC803DBUpgrade\repository\commons-jxpath\commons-jxpath\1.1\commons-jxpath-1.1.jar;C:\UAIC\803\CC803DBUpgrade\repository\commons-lang\commons-lang\2.4\commons-lang-2.4.jar;C:\UAIC\803\CC803DBUpgrade\repository\commons-math\commons-math\1.2\commons-math-1.2.jar;C:\UAIC\803\CC803DBUpgrade\repository\gw\managed\cotta\3.0.0-beta\cotta-3.0.0-beta.jar;C:\UAIC\803\CC803DBUpgrade\repository\org\apache\xmlgraphics\fop\1.1\fop-1.1.jar;C:\UAIC\803\CC803DBUpgrade\repository\org\apache\xmlgraphics\xmlgraphics-commons\1.5\xmlgraphics-commons-1.5.jar;C:\UAIC\803\CC803DBUpgrade\repository\org\apache\xmlgraphics\batik-svg-dom\1.7\batik-svg-dom-1.7.jar;C:\UAIC\803\CC803DBUpgrade\repository\org\apache\xmlgraphics\batik-anim\1.7\batik-anim-1.7.jar;C:\UAIC\803\CC803DBUpgrade\repository\org\apache\xmlgraphics\batik-awt-util\1.7\batik-awt-util-1.7.jar;C:\UAIC\803\CC803DBUpgrade\repository\org\apache\xmlgraphics\batik-util\1.7\batik-util-1.7.jar;C:\UAIC\803\CC803DBUpgrade\repository\org\apache\xmlgraphics\batik-dom\1.7\batik-dom-1.7.jar;C:\UAIC\803\CC803DBUpgrade\repository\org\apache\xmlgraphics\batik-css\1.7\batik-css-1.7.jar;C:\UAIC\803\CC803DBUpgrade\repository\org\apache\xmlgraphics\batik-ext\1.7\batik-ext-1.7.jar;C:\UAIC\803\CC803DBUpgrade\repository\xml-apis\xml-apis-ext\1.3.04\xml-apis-ext-1.3.04.jar;C:\UAIC\803\CC803DBUpgrade\repository\org\apache\xmlgraphics\batik-xml\1.7\batik-xml-1.7.jar;C:\UAIC\803\CC803DBUpgrade\repository\org\apache\xmlgraphics\batik-parser\1.7\batik-parser-1.7.jar;C:\UAIC\803\CC803DBUpgrade\repository\org\apache\xmlgraphics\batik-bridge\1.7\batik-bridge-1.7.jar;C:\UAIC\803\CC803DBUpgrade\repository\org\apache\xmlgraphics\batik-gvt\1.7\batik-gvt-1.7.jar;C:\UAIC\803\CC803DBUpgrade\repository\org\apache\xmlgraphics\batik-script\1.7\batik-script-1.7.jar;C:\UAIC\803\CC803DBUpgrade\repository\org\apache\xmlgraphics\batik-transcoder\1.7\batik-transcoder-1.7.jar;C:\UAIC\803\CC803DBUpgrade\repository\org\apache\xmlgraphics\batik-svggen\1.7\batik-svggen-1.7.jar;C:\UAIC\803\CC803DBUpgrade\repository\org\apache\xmlgraphics\batik-extension\1.7\batik-extension-1.7.jar;C:\UAIC\803\CC803DBUpgrade\repository\avalon-framework\avalon-framework-api\4.2.0\avalon-framework-api-4.2.0.jar;C:\UAIC\803\CC803DBUpgrade\repository\avalon-framework\avalon-framework-impl\4.2.0\avalon-framework-impl-4.2.0.jar;C:\UAIC\803\CC803DBUpgrade\repository\gw\managed\batik-gui-util\1.7\batik-gui-util-1.7.jar;C:\UAIC\803\CC803DBUpgrade\repository\com\google\gdata\gdata-core\1.0\gdata-core-1.0.jar;C:\UAIC\803\CC803DBUpgrade\repository\com\google\guava\guava\12.0\guava-12.0.jar;C:\UAIC\803\CC803DBUpgrade\repository\gw\managed\gw-axis\0\gw-axis-0.jar;C:\UAIC\803\CC803DBUpgrade\repository\gw\managed\htmIndex\0\htmIndex-0.jar;C:\UAIC\803\CC803DBUpgrade\repository\com\ibm\icu\icu4j\51.2\icu4j-51.2.jar;C:\UAIC\803\CC803DBUpgrade\repository\oro\oro\2.0.8\oro-2.0.8.jar;C:\UAIC\803\CC803DBUpgrade\repository\javax\xml\jaxrpc-api-osgi\1.1-b01\jaxrpc-api-osgi-1.1-b01.jar;C:\UAIC\803\CC803DBUpgrade\repository\org\mortbay\jetty\jetty\6.1.23\jetty-6.1.23.jar;C:\UAIC\803\CC803DBUpgrade\repository\org\mortbay\jetty\jetty-util\6.1.23\jetty-util-6.1.23.jar;C:\UAIC\803\CC803DBUpgrade\repository\org\mortbay\jetty\start\6.1.23\start-6.1.23.jar;C:\UAIC\803\CC803DBUpgrade\repository\gw\managed\jFdfTk\0\jFdfTk-0.jar;C:\UAIC\803\CC803DBUpgrade\repository\org\jgroups\jgroups\3.2.7.Final\jgroups-3.2.7.Final.jar;C:\UAIC\803\CC803DBUpgrade\repository\joda-time\joda-time\2.0\joda-time-2.0.jar;C:\UAIC\803\CC803DBUpgrade\repository\org\joda\joda-convert\1.3\joda-convert-1.3.jar;C:\UAIC\803\CC803DBUpgrade\repository\org\apache\log4j\com.springsource.org.apache.log4j\1.2.16\com.springsource.org.apache.log4j-1.2.16.jar;C:\UAIC\803\CC803DBUpgrade\repository\org\apache\geronimo\javamail\geronimo-javamail_1.4_mail\1.8.3\geronimo-javamail_1.4_mail-1.8.3.jar;C:\UAIC\803\CC803DBUpgrade\repository\org\quartz-scheduler\quartz\2.1.6\quartz-2.1.6.jar;C:\UAIC\803\CC803DBUpgrade\repository\c3p0\c3p0\0.9.1.1\c3p0-0.9.1.1.jar;C:\UAIC\803\CC803DBUpgrade\repository\org\slf4j\slf4j-api\1.7.5\slf4j-api-1.7.5.jar;C:\UAIC\803\CC803DBUpgrade\repository\org\seleniumhq\selenium\selenium-java\2.39.0\selenium-java-2.39.0.jar;C:\UAIC\803\CC803DBUpgrade\repository\org\seleniumhq\selenium\selenium-android-driver\2.39.0\selenium-android-driver-2.39.0.jar;C:\UAIC\803\CC803DBUpgrade\repository\org\seleniumhq\selenium\selenium-remote-driver\2.39.0\selenium-remote-driver-2.39.0.jar;C:\UAIC\803\CC803DBUpgrade\repository\org\seleniumhq\selenium\selenium-api\2.39.0\selenium-api-2.39.0.jar;C:\UAIC\803\CC803DBUpgrade\repository\org\apache\httpcomponents\httpclient\4.3.1\httpclient-4.3.1.jar;C:\UAIC\803\CC803DBUpgrade\repository\org\apache\httpcomponents\httpcore\4.3\httpcore-4.3.jar;C:\UAIC\803\CC803DBUpgrade\repository\org\apache\commons\commons-exec\1.1\commons-exec-1.1.jar;C:\UAIC\803\CC803DBUpgrade\repository\net\java\dev\jna\jna\3.4.0\jna-3.4.0.jar;C:\UAIC\803\CC803DBUpgrade\repository\net\java\dev\jna\platform\3.4.0\platform-3.4.0.jar;C:\UAIC\803\CC803DBUpgrade\repository\org\seleniumhq\selenium\selenium-chrome-driver\2.39.0\selenium-chrome-driver-2.39.0.jar;C:\UAIC\803\CC803DBUpgrade\repository\org\seleniumhq\selenium\selenium-htmlunit-driver\2.39.0\selenium-htmlunit-driver-2.39.0.jar;C:\UAIC\803\CC803DBUpgrade\repository\net\sourceforge\htmlunit\htmlunit\2.13\htmlunit-2.13.jar;C:\UAIC\803\CC803DBUpgrade\repository\org\apache\commons\commons-lang3\3.1\commons-lang3-3.1.jar;C:\UAIC\803\CC803DBUpgrade\repository\org\apache\httpcomponents\httpmime\4.3.1\httpmime-4.3.1.jar;C:\UAIC\803\CC803DBUpgrade\repository\net\sourceforge\htmlunit\htmlunit-core-js\2.13\htmlunit-core-js-2.13.jar;C:\UAIC\803\CC803DBUpgrade\repository\net\sourceforge\nekohtml\nekohtml\1.9.19\nekohtml-1.9.19.jar;C:\UAIC\803\CC803DBUpgrade\repository\net\sourceforge\cssparser\cssparser\0.9.11\cssparser-0.9.11.jar;C:\UAIC\803\CC803DBUpgrade\repository\org\w3c\css\sac\1.3\sac-1.3.jar;C:\UAIC\803\CC803DBUpgrade\repository\org\eclipse\jetty\jetty-websocket\8.1.12.v20130726\jetty-websocket-8.1.12.v20130726.jar;C:\UAIC\803\CC803DBUpgrade\repository\org\eclipse\jetty\jetty-util\8.1.12.v20130726\jetty-util-8.1.12.v20130726.jar;C:\UAIC\803\CC803DBUpgrade\repository\org\eclipse\jetty\jetty-io\8.1.12.v20130726\jetty-io-8.1.12.v20130726.jar;C:\UAIC\803\CC803DBUpgrade\repository\org\eclipse\jetty\jetty-http\8.1.12.v20130726\jetty-http-8.1.12.v20130726.jar;C:\UAIC\803\CC803DBUpgrade\repository\org\seleniumhq\selenium\selenium-firefox-driver\2.39.0\selenium-firefox-driver-2.39.0.jar;C:\UAIC\803\CC803DBUpgrade\repository\org\seleniumhq\selenium\selenium-ie-driver\2.39.0\selenium-ie-driver-2.39.0.jar;C:\UAIC\803\CC803DBUpgrade\repository\org\seleniumhq\selenium\selenium-iphone-driver\2.39.0\selenium-iphone-driver-2.39.0.jar;C:\UAIC\803\CC803DBUpgrade\repository\org\seleniumhq\selenium\selenium-safari-driver\2.39.0\selenium-safari-driver-2.39.0.jar;C:\UAIC\803\CC803DBUpgrade\repository\org\webbitserver\webbit\0.4.14\webbit-0.4.14.jar;C:\UAIC\803\CC803DBUpgrade\repository\io\netty\netty\3.6.6.Final\netty-3.6.6.Final.jar;C:\UAIC\803\CC803DBUpgrade\repository\org\seleniumhq\selenium\selenium-support\2.39.0\selenium-support-2.39.0.jar;C:\UAIC\803\CC803DBUpgrade\repository\xalan\serializer\2.7.1\serializer-2.7.1.jar;C:\UAIC\803\CC803DBUpgrade\repository\org\slf4j\slf4j-log4j12\1.7.5\slf4j-log4j12-1.7.5.jar;C:\UAIC\803\CC803DBUpgrade\repository\org\slf4j\slf4j-ext\1.7.5\slf4j-ext-1.7.5.jar;C:\UAIC\803\CC803DBUpgrade\repository\ch\qos\cal10n\cal10n-api\0.7.4\cal10n-api-0.7.4.jar;C:\UAIC\803\CC803DBUpgrade\repository\org\apache\velocity\velocity\1.5\velocity-1.5.jar;C:\UAIC\803\CC803DBUpgrade\repository\org\apache\velocity\velocity-tools\1.3\velocity-tools-1.3.jar;C:\UAIC\803\CC803DBUpgrade\repository\commons-validator\commons-validator\1.3.1\commons-validator-1.3.1.jar;C:\UAIC\803\CC803DBUpgrade\repository\sslext\sslext\1.2-0\sslext-1.2-0.jar;C:\UAIC\803\CC803DBUpgrade\repository\gw\managed\gw-wsdl4j\1.6.2\gw-wsdl4j-1.6.2.jar;C:\UAIC\803\CC803DBUpgrade\repository\org\apache\ws\security\wss4j\1.5.9\wss4j-1.5.9.jar;C:\UAIC\803\CC803DBUpgrade\repository\gw\managed\xalan-without-bcel\2.7.1\xalan-without-bcel-2.7.1.jar;C:\UAIC\803\CC803DBUpgrade\repository\org\apache\santuario\xmlsec\1.4.3\xmlsec-1.4.3.jar;C:\UAIC\803\CC803DBUpgrade\repository\com\googlecode\json-simple\json-simple\1.1.1\json-simple-1.1.1.jar;C:\UAIC\803\CC803DBUpgrade\repository\gw\managed\osgi\libphonenumber\5.1\libphonenumber-5.1.jar;C:\UAIC\803\CC803DBUpgrade\repository\org\antlr\com.springsource.org.antlr.runtime\3.1.3\com.springsource.org.antlr.runtime-3.1.3.jar;C:\UAIC\803\CC803DBUpgrade\repository\org\custommonkey\xmlunit\com.springsource.org.custommonkey.xmlunit\1.2.0\com.springsource.org.custommonkey.xmlunit-1.2.0.jar;C:\UAIC\803\CC803DBUpgrade\repository\com\guidewire\commons\performance\perf-analyzer\1.0.8\perf-analyzer-1.0.8.jar;C:\UAIC\803\CC803DBUpgrade\repository\com\guidewire\cc\cc-typeloader\1.0-SNAPSHOT\cc-typeloader-1.0-SNAPSHOT.jar;C:\UAIC\803\CC803DBUpgrade\repository\com\guidewire\pl\heatmap\1.0-SNAPSHOT\heatmap-1.0-SNAPSHOT.jar;C:\UAIC\803\CC803DBUpgrade\repository\com\guidewire\pl\pl\1.0-SNAPSHOT\pl-1.0-SNAPSHOT.jar;C:\UAIC\803\CC803DBUpgrade\repository\com\guidewire\pl\perfdownload-analyzer\1.0-SNAPSHOT\perfdownload-analyzer-1.0-SNAPSHOT.jar;C:\UAIC\803\CC803DBUpgrade\repository\com\guidewire\pl\perfdownload-collector\1.0-SNAPSHOT\perfdownload-collector-1.0-SNAPSHOT.jar;C:\UAIC\803\CC803DBUpgrade\repository\com\guidewire\pl\solr\1.0-SNAPSHOT\solr-1.0-SNAPSHOT.jar;C:\UAIC\803\CC803DBUpgrade\repository\org\apache\solr\solr-solrj\4.7.2\solr-solrj-4.7.2.jar;C:\UAIC\803\CC803DBUpgrade\repository\log4j\log4j\1.2.16\log4j-1.2.16.jar;C:\UAIC\803\CC803DBUpgrade\repository\org\apache\zookeeper\zookeeper\3.4.5\zookeeper-3.4.5.jar;C:\UAIC\803\CC803DBUpgrade\repository\org\noggit\noggit\0.5\noggit-0.5.jar;C:\UAIC\803\CC803DBUpgrade\repository\com\guidewire\pl\web\org.json\1.0.0\org.json-1.0.0.jar;C:\UAIC\803\CC803DBUpgrade\repository\org\hamcrest\hamcrest-core\1.3\hamcrest-core-1.3.jar;C:\UAIC\803\CC803DBUpgrade\repository\gw\managed\osgi\equinox\org.eclipse.osgi\3.8.0\org.eclipse.osgi-3.8.0.jar;C:\UAIC\803\CC803DBUpgrade\repository\org\apache\geronimo\specs\geronimo-jms_1.1_spec\1.1.1\geronimo-jms_1.1_spec-1.1.1.jar;C:\UAIC\803\CC803DBUpgrade\repository\com\guidewire\pl\integration\gw-integration-runtime-api\0.1.23\gw-integration-runtime-api-0.1.23.jar;C:\UAIC\803\CC803DBUpgrade\repository\biz\aQute\bndlib\1.50.0\bndlib-1.50.0.jar;C:\UAIC\803\CC803DBUpgrade\repository\com\guidewire\pl\integration\gw-integration-cm-api\0.1.23\gw-integration-cm-api-0.1.23.jar;C:\UAIC\803\CC803DBUpgrade\repository\com\guidewire\pl\integration\gw-integration-jndi-api\0.1.23\gw-integration-jndi-api-0.1.23.jar;C:\UAIC\803\CC803DBUpgrade\repository\com\guidewire\pl\integration\gw-integration-execution-api\0.1.23\gw-integration-execution-api-0.1.23.jar;C:\UAIC\803\CC803DBUpgrade\repository\com\guidewire\pl\integration\gw-integration-inbound-api\0.1.23\gw-integration-inbound-api-0.1.23.jar;C:\UAIC\803\CC803DBUpgrade\repository\com\guidewire\pl\integration\gw-integration-inbound-plugin-files-api\0.1.23\gw-integration-inbound-plugin-files-api-0.1.23.jar;C:\UAIC\803\CC803DBUpgrade\repository\com\guidewire\pl\integration\gw-integration-inbound-plugin-db-api\0.1.23\gw-integration-inbound-plugin-db-api-0.1.23.jar;C:\UAIC\803\CC803DBUpgrade\repository\com\guidewire\pl\integration\gw-integration-inbound-plugin-jms-api\0.1.23\gw-integration-inbound-plugin-jms-api-0.1.23.jar;C:\UAIC\803\CC803DBUpgrade\repository\com\fasterxml\uuid\java-uuid-generator\3.1.3\java-uuid-generator-3.1.3.jar;C:\UAIC\803\CC803DBUpgrade\repository\gw\managed\sdoapi\12.1.0.1.0\sdoapi-12.1.0.1.0.jar;C:\UAIC\803\CC803DBUpgrade\repository\org\apache\poi\poi-ooxml\3.8\poi-ooxml-3.8.jar;C:\UAIC\803\CC803DBUpgrade\repository\org\apache\poi\poi\3.8\poi-3.8.jar;C:\UAIC\803\CC803DBUpgrade\repository\org\apache\poi\poi-ooxml-schemas\3.8\poi-ooxml-schemas-3.8.jar;C:\UAIC\803\CC803DBUpgrade\repository\org\apache\xmlbeans\xmlbeans\2.3.0\xmlbeans-2.3.0.jar;C:\UAIC\803\CC803DBUpgrade\repository\dom4j\dom4j\1.6.1\dom4j-1.6.1.jar;C:\UAIC\803\CC803DBUpgrade\repository\xml-resolver\xml-resolver\1.2\xml-resolver-1.2.jar;C:\UAIC\803\CC803DBUpgrade\repository\org\codehaus\woodstox\woodstox-core-asl\4.1.2\woodstox-core-asl-4.1.2.jar;C:\UAIC\803\CC803DBUpgrade\repository\org\codehaus\woodstox\stax2-api\3.1.1\stax2-api-3.1.1.jar;C:\UAIC\803\CC803DBUpgrade\repository\com\guidewire\pl\servlet\gw-servlet-filters\1.0.0\gw-servlet-filters-1.0.0.jar;C:\UAIC\803\CC803DBUpgrade\repository\com\oracle\samples\jnlp\jnlp-servlet\1.7.0_55\jnlp-servlet-1.7.0_55.jar;C:\UAIC\803\CC803DBUpgrade\repository\com\guidewire\pl\beangraphutil\1.0-SNAPSHOT\beangraphutil-1.0-SNAPSHOT.jar;C:\UAIC\803\CC803DBUpgrade\repository\com\guidewire\pl\contact\1.0-SNAPSHOT\contact-1.0-SNAPSHOT.jar;C:\UAIC\803\CC803DBUpgrade\repository\com\guidewire\pl\pl-documentassistant\8.2.2\pl-documentassistant-8.2.2.jar;C:\UAIC\803\CC803DBUpgrade\repository\com\guidewire\pl\pl-appserver-websphere\1.0-SNAPSHOT\pl-appserver-websphere-1.0-SNAPSHOT.jar;C:\UAIC\803\CC803DBUpgrade\repository\com\guidewire\pl\pl-appserver-jboss\1.0-SNAPSHOT\pl-appserver-jboss-1.0-SNAPSHOT.jar;C:\UAIC\803\CC803DBUpgrade\repository\com\guidewire\pl\pl-gunit\1.0-SNAPSHOT\pl-gunit-1.0-SNAPSHOT.jar;C:\UAIC\803\CC803DBUpgrade\repository\com\guidewire\pl\perfdownload-analyzer-test\1.0-SNAPSHOT\perfdownload-analyzer-test-1.0-SNAPSHOT.jar;C:\UAIC\803\CC803DBUpgrade\repository\com\guidewire\pl\perfdownload-collector-test\1.0-SNAPSHOT\perfdownload-collector-test-1.0-SNAPSHOT.jar;C:\UAIC\803\CC803DBUpgrade\repository\org\gosu-lang\gosu\gosu-core-api-precompiled\0.11-SNAPSHOT\gosu-core-api-precompiled-0.11-SNAPSHOT.jar;C:\UAIC\803\CC803DBUpgrade\repository\org\gosu-lang\gosu\gosu-test-api\0.11-SNAPSHOT\gosu-test-api-0.11-SNAPSHOT.jar;C:\UAIC\803\CC803DBUpgrade\repository\org\easytesting\fest-assert\1.3\fest-assert-1.3.jar;C:\UAIC\803\CC803DBUpgrade\repository\org\easytesting\fest-util\1.1.4\fest-util-1.1.4.jar;C:\UAIC\803\CC803DBUpgrade\repository\org\apache\bcel\com.springsource.org.apache.bcel\5.2.0\com.springsource.org.apache.bcel-5.2.0.jar;C:\UAIC\803\CC803DBUpgrade\repository\org\gosu-lang\gosu\gosu-classredefiner\1.0.0\gosu-classredefiner-1.0.0.jar;C:\UAIC\803\CC803DBUpgrade\repository\com\guidewire\pl\testresult-formatter\1.0-SNAPSHOT\testresult-formatter-1.0-SNAPSHOT.jar;C:\UAIC\803\CC803DBUpgrade\repository\org\apache\ant\com.springsource.org.apache.tool.ant.taskdefs.optional.junit\1.7.1\com.springsource.org.apache.tool.ant.taskdefs.optional.junit-1.7.1.jar;C:\UAIC\803\CC803DBUpgrade\repository\org\apache\ant\com.springsource.org.apache.tools.ant\1.7.1\com.springsource.org.apache.tools.ant-1.7.1.jar;C:\UAIC\803\CC803DBUpgrade\repository\org\apache\ant\com.springsource.org.apache.tools.ant.launch\1.7.1\com.springsource.org.apache.tools.ant.launch-1.7.1.jar;C:\UAIC\803\CC803DBUpgrade\repository\org\apache\cactus\cactus\1.7.1\cactus-1.7.1.jar;C:\UAIC\803\CC803DBUpgrade\repository\org\aspectj\aspectjrt\1.2.1\aspectjrt-1.2.1.jar;C:\UAIC\803\CC803DBUpgrade\repository\org\easymock\easymock\3.1\easymock-3.1.jar;C:\UAIC\803\CC803DBUpgrade\repository\org\objenesis\objenesis\1.2\objenesis-1.2.jar;C:\UAIC\803\CC803DBUpgrade\repository\com\google\gdata\gdata-appsforyourdomain\1.0\gdata-appsforyourdomain-1.0.jar;C:\UAIC\803\CC803DBUpgrade\repository\com\google\gdata\gdata-appsforyourdomain-meta\1.0\gdata-appsforyourdomain-meta-1.0.jar;C:\UAIC\803\CC803DBUpgrade\repository\com\google\gdata\gdata-base\1.0\gdata-base-1.0.jar;C:\UAIC\803\CC803DBUpgrade\repository\com\google\gdata\gdata-client\1.0\gdata-client-1.0.jar;C:\UAIC\803\CC803DBUpgrade\repository\com\google\gdata\gdata-client-meta\1.0\gdata-client-meta-1.0.jar;C:\UAIC\803\CC803DBUpgrade\repository\com\google\gdata\gdata-docs\1.0\gdata-docs-1.0.jar;C:\UAIC\803\CC803DBUpgrade\repository\com\google\gdata\gdata-docs-meta\1.0\gdata-docs-meta-1.0.jar;C:\UAIC\803\CC803DBUpgrade\repository\com\google\gdata\gdata-media\1.0\gdata-media-1.0.jar;C:\UAIC\803\CC803DBUpgrade\repository\com\google\gdata\gdata-spreadsheet\1.0\gdata-spreadsheet-1.0.jar;C:\UAIC\803\CC803DBUpgrade\repository\com\google\gdata\gdata-spreadsheet-meta\1.0\gdata-spreadsheet-meta-1.0.jar;C:\UAIC\803\CC803DBUpgrade\repository\com\thoughtworks\qdox\qdox\1.12\qdox-1.12.jar;C:\UAIC\803\CC803DBUpgrade\repository\gw\managed\strutstest\2.1.3\strutstest-2.1.3.jar;C:\UAIC\803\CC803DBUpgrade\repository\gw\managed\automaton\1.11\automaton-1.11.jar;C:\UAIC\803\CC803DBUpgrade\repository\gw\managed\xeger\1.0\xeger-1.0.jar;C:\UAIC\803\CC803DBUpgrade\modules\GUnitTestLauncher\bin;C:\UAIC\803\CC803DBUpgrade\modules\configuration\config\registry;C:\UAIC\803\CC803DBUpgrade\modules\GUnitTestLauncher;C:\Program Files (x86)\Java\jre7\lib\ext\QTJava.zip;C:\UAIC\803\CC803DBUpgrade\idea\lib\ant\lib\ant-launcher.jar;C:\UAIC\803\CC803DBUpgrade\idea\lib\ant\lib\ant.jar;C:\UAIC\803\CC803DBUpgrade\idea\lib\ant\lib\ant-junit.jar" />
    <property name="commons-discovery:commons-discovery:jar" value="C:\UAIC\803\CC803DBUpgrade\repository\commons-discovery\commons-discovery\0.5\commons-discovery-0.5.jar" />
    <property name="org.apache.ant:com.springsource.org.apache.tool.ant.taskdefs.optional.junit:jar" value="C:\UAIC\803\CC803DBUpgrade\repository\org\apache\ant\com.springsource.org.apache.tool.ant.taskdefs.optional.junit\1.7.1\com.springsource.org.apache.tool.ant.taskdefs.optional.junit-1.7.1.jar" />
    <property name="gw.app.url" value="http://localhost:8080/cc/ClaimCenter.do" />
    <property name="com.guidewire.pl:solr:jar" value="C:\UAIC\803\CC803DBUpgrade\repository\com\guidewire\pl\solr\1.0-SNAPSHOT\solr-1.0-SNAPSHOT.jar" />
    <property name="com.google.gdata:gdata-appsforyourdomain-meta:jar" value="C:\UAIC\803\CC803DBUpgrade\repository\com\google\gdata\gdata-appsforyourdomain-meta\1.0\gdata-appsforyourdomain-meta-1.0.jar" />
    <property name="os.version" value="6.1" />
    <property name="org.apache.xmlgraphics:batik-svg-dom:jar" value="C:\UAIC\803\CC803DBUpgrade\repository\org\apache\xmlgraphics\batik-svg-dom\1.7\batik-svg-dom-1.7.jar" />
    <property name="org.apache.xmlgraphics:batik-transcoder:jar" value="C:\UAIC\803\CC803DBUpgrade\repository\org\apache\xmlgraphics\batik-transcoder\1.7\batik-transcoder-1.7.jar" />
    <property name="org.apache.xmlgraphics:batik-ext:jar" value="C:\UAIC\803\CC803DBUpgrade\repository\org\apache\xmlgraphics\batik-ext\1.7\batik-ext-1.7.jar" />
    <property name="additionLib.dir" value="./lib" />
    <property name="org.gosu-lang.gosu:gosu-classredefiner:jar" value="C:\UAIC\803\CC803DBUpgrade\repository\org\gosu-lang\gosu\gosu-classredefiner\1.0.0\gosu-classredefiner-1.0.0.jar" />
    <property name="org.gosu-lang.gosu.managed:gw-asm:jar" value="C:\UAIC\803\CC803DBUpgrade\repository\org\gosu-lang\gosu\managed\gw-asm\3.1-3\gw-asm-3.1-3.jar" />
    <property name="sun.desktop" value="windows" />
    <property name="org.apache.httpcomponents:httpcore:jar" value="C:\UAIC\803\CC803DBUpgrade\repository\org\apache\httpcomponents\httpcore\4.3\httpcore-4.3.jar" />
    <property name="com.guidewire.pl.integration:gw-integration-execution-api:jar" value="C:\UAIC\803\CC803DBUpgrade\repository\com\guidewire\pl\integration\gw-integration-execution-api\0.1.23\gw-integration-execution-api-0.1.23.jar" />
    <property name="com.guidewire.commons.performance:perf-analyzer:jar" value="C:\UAIC\803\CC803DBUpgrade\repository\com\guidewire\commons\performance\perf-analyzer\1.0.8\perf-analyzer-1.0.8.jar" />
    <property name="org.apache.xmlgraphics:batik-util:jar" value="C:\UAIC\803\CC803DBUpgrade\repository\org\apache\xmlgraphics\batik-util\1.7\batik-util-1.7.jar" />
    <property name="org.apache.xmlbeans:xmlbeans:jar" value="C:\UAIC\803\CC803DBUpgrade\repository\org\apache\xmlbeans\xmlbeans\2.3.0\xmlbeans-2.3.0.jar" />
    <property name="org.gosu-lang.gosu:gosu-core:jar" value="C:\UAIC\803\CC803DBUpgrade\repository\org\gosu-lang\gosu\gosu-core\0.11-SNAPSHOT\gosu-core-0.11-SNAPSHOT.jar" />
    <property name="java.awt.graphicsenv" value="sun.awt.Win32GraphicsEnvironment" />
    <property name="java.vm.vendor" value="Oracle Corporation" />
    <property name="org.apache.poi:poi:jar" value="C:\UAIC\803\CC803DBUpgrade\repository\org\apache\poi\poi\3.8\poi-3.8.jar" />
    <property name="com.guidewire.pl.integration:gw-integration-runtime-api:jar" value="C:\UAIC\803\CC803DBUpgrade\repository\com\guidewire\pl\integration\gw-integration-runtime-api\0.1.23\gw-integration-runtime-api-0.1.23.jar" />
    <property name="joda-time:joda-time:jar" value="C:\UAIC\803\CC803DBUpgrade\repository\joda-time\joda-time\2.0\joda-time-2.0.jar" />
    <property name="com.guidewire.pl.integration:gw-integration-inbound-api:jar" value="C:\UAIC\803\CC803DBUpgrade\repository\com\guidewire\pl\integration\gw-integration-inbound-api\0.1.23\gw-integration-inbound-api-0.1.23.jar" />
    <property name="org.gosu-lang.gosu.managed:gw-asm-tree:jar" value="C:\UAIC\803\CC803DBUpgrade\repository\org\gosu-lang\gosu\managed\gw-asm-tree\3.1-3\gw-asm-tree-3.1-3.jar" />
    <property name="org.gosu-lang.gosu:gosu-test-api:jar" value="C:\UAIC\803\CC803DBUpgrade\repository\org\gosu-lang\gosu\gosu-test-api\0.11-SNAPSHOT\gosu-test-api-0.11-SNAPSHOT.jar" />
    <property name="org.codehaus.woodstox:stax2-api:jar" value="C:\UAIC\803\CC803DBUpgrade\repository\org\codehaus\woodstox\stax2-api\3.1.1\stax2-api-3.1.1.jar" />
    <property name="com.google.gdata:gdata-appsforyourdomain:jar" value="C:\UAIC\803\CC803DBUpgrade\repository\com\google\gdata\gdata-appsforyourdomain\1.0\gdata-appsforyourdomain-1.0.jar" />
    <property name="gw.managed:db2jcc4:jar" value="C:\UAIC\803\CC803DBUpgrade\repository\gw\managed\db2jcc4\4.16.53\db2jcc4-4.16.53.jar" />
    <property name="ant.file.type" value="file" />
    <property name="user.script" value="" />
    <property name="gw.managed:ojdbc7:jar" value="C:\UAIC\803\CC803DBUpgrade\repository\gw\managed\ojdbc7\12.1.0.1.0-prod\ojdbc7-12.1.0.1.0-prod.jar" />
    <property name="commons-beanutils:commons-beanutils:jar" value="C:\UAIC\803\CC803DBUpgrade\repository\commons-beanutils\commons-beanutils\1.8.3\commons-beanutils-1.8.3.jar" />
    <property name="gw.managed:jFdfTk:jar" value="C:\UAIC\803\CC803DBUpgrade\repository\gw\managed\jFdfTk\0\jFdfTk-0.jar" />
    <property name="com.guidewire.pl.integration:gw-integration-inbound-plugin-files-api:jar" value="C:\UAIC\803\CC803DBUpgrade\repository\com\guidewire\pl\integration\gw-integration-inbound-plugin-files-api\0.1.23\gw-integration-inbound-plugin-files-api-0.1.23.jar" />
    <property name="org.seleniumhq.selenium:selenium-ie-driver:jar" value="C:\UAIC\803\CC803DBUpgrade\repository\org\seleniumhq\selenium\selenium-ie-driver\2.39.0\selenium-ie-driver-2.39.0.jar" />
    <property name="ant.version" value="Apache Ant(TM) version 1.8.2 compiled on December 20 2010" />
    <property name="file.encoding" value="Cp1252" />
    <property name="packages.under.test" value="main" />
    <property name="com.google.gdata:gdata-client-meta:jar" value="C:\UAIC\803\CC803DBUpgrade\repository\com\google\gdata\gdata-client-meta\1.0\gdata-client-meta-1.0.jar" />
    <property name="ch.qos.cal10n:cal10n-api:jar" value="C:\UAIC\803\CC803DBUpgrade\repository\ch\qos\cal10n\cal10n-api\0.7.4\cal10n-api-0.7.4.jar" />
    <property name="awt.toolkit" value="sun.awt.windows.WToolkit" />
    <property name="com.google.code.findbugs:jsr305:jar" value="C:\UAIC\803\CC803DBUpgrade\repository\com\google\code\findbugs\jsr305\2.0.1\jsr305-2.0.1.jar" />
    <property name="propfile.name" value="cc-build.properties" />
    <property name="junit:junit:jar" value="C:\UAIC\803\CC803DBUpgrade\repository\junit\junit\4.11\junit-4.11.jar" />
  </properties>
  <testcase classname="com.guidewire.testharness.GosuTestDelegate" name="testAll" time="104.073" />
  <system-out><![CDATA[----+++++++++++++++------------------------------------
Class com.guidewire.testharness.AbstractDatabaseTest not found - this is expected in a release build
Class com.guidewire.testharness.AbstractNewMetadataTest not found - this is expected in a release build
Will split suite 1 times and run tests on partition number 0
Looking for the devroot starting from C:\UAIC\803\CC803DBUpgrade\.
Classpath modules: [configuration]
Module path: [configuration]
Using Test Environment Delegate: com.guidewire.testharness.ConfigEnvTestEnvironmentDelegate
                    2017-08-03 14:29:22,114 INFO ********** main.MainTest ********** SUITE SETUP
                    2017-08-03 14:29:22,724 INFO Logging to org.slf4j.impl.Log4jLoggerAdapter(org.mortbay.log) via org.mortbay.log.Slf4jLog
                    2017-08-03 14:29:22,754 INFO jetty-6.1.23
                    2017-08-03 14:29:22,963 INFO NO JSP Support for /cc, did not find org.apache.jasper.servlet.JspServlet
                    2017-08-03 14:29:23,366 INFO SERVERID initialized to 'localdev'
                    2017-08-03 14:29:23,366 INFO ENV initialized to 'gtest'
                    2017-08-03 14:29:23,389 INFO Root directory is "C:\UAIC\803\CC803DBUpgrade\webapps\cc"
                    2017-08-03 14:29:23,389 INFO Temp directory is "C:\Users\araje\AppData\Local\Temp\Jetty_0_0_0_0_0_cc__cc__xmw0j7"
                    2017-08-03 14:29:23,389 INFO Logging properties found at "C:\UAIC\803\CC803DBUpgrade\modules\configuration\config\logging\logging.properties"
                    2017-08-03 14:29:23,947 INFO Increasing runlevel to 'GUIDEWIRE_STARTUP'
                    2017-08-03 14:29:23,977 INFO Setup platform dependencies ...
                    2017-08-03 14:29:24,165 INFO Reading config file: C:\UAIC\803\CC803DBUpgrade\modules\configuration\config\config.xml
                    2017-08-03 14:29:24,194 INFO ENV initialized to 'gtest'
                    2017-08-03 14:29:24,353 INFO Platform dependency setup complete.
                    2017-08-03 14:29:24,353 INFO Setup application dependencies ...
                    2017-08-03 14:29:25,594 INFO CustomizableSystemClock initialized, current time is now: 1501784965590, Thu Aug 03 14:29:25 EDT 2017
                    2017-08-03 14:29:25,607 INFO Application dependency setup complete.
                    2017-08-03 14:29:25,675 INFO SERVERID initialized to 'localdev'
localdev            2017-08-03 14:29:25,685 INFO Increasing runlevel to 'SHUTDOWN'
localdev            2017-08-03 14:29:25,735 INFO OSGi temporary directory is C:\Users\araje\AppData\Local\Temp\Jetty_0_0_0_0_0_cc__cc__xmw0j7\osgi_cc_rBAUHQtIQO9cp_I3_uHb6FsgnQySSsHyfGdEQUlOarSWHNEAAAAAAA__
localdev            2017-08-03 14:29:27,272 INFO Service manager started
localdev            2017-08-03 14:29:27,276 INFO Reading config file: C:\UAIC\803\CC803DBUpgrade\modules\configuration\config\config.xml
localdev            2017-08-03 14:29:27,293 WARN Unknown parameter specified (will be ignored): jdbcURLtest
localdev            2017-08-03 14:29:27,293 WARN Unknown parameter specified (will be ignored): ShouldSynchUserRolesInLDAP
localdev            2017-08-03 14:29:27,293 WARN Unknown parameter specified (will be ignored): StyleReportURL
localdev            2017-08-03 14:29:27,293 WARN Unknown parameter specified (will be ignored): StyleReportURL
localdev            2017-08-03 14:29:27,293 WARN Unknown parameter specified (will be ignored): StyleReportURL
localdev            2017-08-03 14:29:27,293 WARN Unknown parameter specified (will be ignored): StyleReportURL
localdev            2017-08-03 14:29:27,295 INFO Memory usage: 161.740 MB used (both active and stale objects), 178.364 MB free, 340.105 MB total, 1979.750 MB max. --  Please read 'Memory usage logging' in the System Administration Guide for information on how to interpret these numbers.
localdev            2017-08-03 14:30:02,796 INFO ***** ClaimCenter 8.0.3.164 (Platform 8.23.0.164) starting *****
localdev            2017-08-03 14:30:02,852 INFO Increasing runlevel to 'NODAEMONS'
localdev            2017-08-03 14:30:02,863 INFO Reading database config file: C:\UAIC\803\CC803DBUpgrade\modules\configuration\config\database-config.xml
localdev            2017-08-03 14:30:03,000 INFO Starting parse security config...
localdev            2017-08-03 14:30:03,144 INFO SecurityManager finished parsing C:\UAIC\803\CC803DBUpgrade\modules\configuration\config\security\security-config.xml
localdev            2017-08-03 14:30:03,178 INFO C:\UAIC\803\CC803DBUpgrade\modules\configuration\config\security\security-config.xml:367- creating permission keys on SubrogationCaseExt to add key for own
localdev            2017-08-03 14:30:03,262 INFO C:\UAIC\803\CC803DBUpgrade\modules\configuration\config\security\security-config.xml:373- creating permission keys on MMCaseExt to add key for own
localdev            2017-08-03 14:30:03,262 INFO Finished security config.
localdev            2017-08-03 14:30:03,265 INFO Starting database ClaimCenterDatabase on env gtest
localdev            2017-08-03 14:30:03,488 INFO JDBC Driver: com.microsoft.sqlserver.jdbc.SQLServerDriver, major version: 4, minor version: 0
localdev            2017-08-03 14:30:05,336 INFO Marking connection for death (dummy): Throw away connection
localdev            2017-08-03 14:30:05,336 INFO Connection no longer valid. Being discarded.
localdev            2017-08-03 14:30:05,957 INFO Validating main database connections have all required properties
localdev            2017-08-03 14:30:06,315 INFO This database version is SUPPORTED. Earliest supported database version is (11.00.3000).  Actual database version is (11.00.5343)
localdev            2017-08-03 14:30:07,731 INFO Unicode columns not being used.
localdev            2017-08-03 14:30:16,132 INFO Checking if existing database version is current...
localdev            2017-08-03 14:30:16,185 INFO Datamodel version (5, 86, 10, 196) is up to date.
localdev            2017-08-03 14:30:16,203 INFO JDBC Driver: com.microsoft.sqlserver.jdbc.SQLServerDriver, major version: 4, minor version: 0
localdev            2017-08-03 14:30:16,242 INFO Executing SQL Server select statement: declare @regreader int, @SmoDefaultFile nvarchar(4000)
exec @regreader = master.dbo.xp_instance_regread
     N'HKEY_LOCAL_MACHINE',
     N'Software\Microsoft\MSSQLServer\MSSQLServer',
     N'DefaultData',
    @SmoDefaultFile  output, 'no_output'
select @SmoDefaultFile AS InstallationDirectory
localdev            2017-08-03 14:30:16,278 INFO Executing SQL Server select statement: SELECT SUBSTRING(physical_name, 1, CHARINDEX(N'master.mdf', LOWER(physical_name)) - 1) FROM master.sys.master_files WHERE database_id = 1 AND file_id = 1
localdev            2017-08-03 14:30:16,314 INFO Executing SQL Server select statement: SELECT convert(varchar, compatibility_level) FROM sys.databases where database_id = 1
localdev            2017-08-03 14:30:16,493 INFO Restoring database from shadow from dataset: ...
localdev            2017-08-03 14:30:16,496 INFO Restoring tables for test harness using dataset 
localdev            2017-08-03 14:30:25,493 INFO Done restoring from shadow tables in 9000 milliseconds.
localdev            2017-08-03 14:30:25,502 INFO Database reset
localdev            2017-08-03 14:30:25,507 INFO Caches flushed
localdev            2017-08-03 14:30:25,743 INFO Database started
localdev            2017-08-03 14:30:25,822 INFO GlobalRandomSource#INITIAL_SEED = 1501785025822
localdev            2017-08-03 14:30:28,567 INFO Running tests: Global cache reaper thread not started.
localdev            2017-08-03 14:30:29,268 INFO Parsing C:\UAIC\803\CC803DBUpgrade\modules\configuration\config\messaging\messaging-config.xml
localdev            2017-08-03 14:30:29,291 INFO ENV initialized to 'gtest'
localdev            2017-08-03 14:30:29,550 INFO Zone config defined for countries [CA, US]
localdev            2017-08-03 14:30:29,560 WARN The following country codes are configured zones but have not been loaded: [CA, US]
localdev            2017-08-03 14:30:29,597 INFO Address config defined for country code US
localdev            2017-08-03 14:30:29,603 INFO Address config defined for country code CA
localdev            2017-08-03 14:30:29,865 INFO BatchProcessManager starting...
localdev            2017-08-03 14:30:29,868 INFO BatchProcessManager started
localdev            2017-08-03 14:30:29,876 INFO DistributedWorkerConfig parsing of C:\UAIC\803\CC803DBUpgrade\modules\configuration\config\workqueue\work-queue.xml
localdev            2017-08-03 14:30:29,908 WARN Work queue class com.guidewire.pl.domain.archiving.ArchiveWorkQueue is defined but archiving is not enabled.
localdev            2017-08-03 14:30:31,564 INFO Archiving is not enabled
localdev            2017-08-03 14:30:31,592 INFO Parsing C:\UAIC\803\CC803DBUpgrade\modules\configuration\config\integration\inbound-integration-config.xml
localdev            2017-08-03 14:30:34,466 INFO Document Management resources path /jnlp/gw/documentassistant/pl-documentassistant-applet__V8.2.2.jar URL jar:file:/C:/UAIC/803/CC803DBUpgrade/webapps/cc/jnlp/gw/documentassistant/pl-documentassistant-applet__V8.2.2.jar!/documentassistant/
localdev            2017-08-03 14:30:34,468 INFO Document Management resources path /jnlp/gw/documentassistant/pl-documentassistant-resources__V8.2.2.jar URL jar:file:/C:/UAIC/803/CC803DBUpgrade/webapps/cc/jnlp/gw/documentassistant/pl-documentassistant-resources__V8.2.2.jar!/documentassistant/
localdev            2017-08-03 14:30:57,861 WARN Workflow subtype "Example Workflow" is defined to be non-external, but either no script is defined, or the script failed to parse.  Please check the logs for any parsing failures.
localdev            2017-08-03 14:30:59,989 WARN PolicyType auto_comm is not listed within any <LimitUsedDef> element in aggregatelimitused-config.xml and will not have an Aggregate Limits screen
localdev            2017-08-03 14:30:59,990 WARN PolicyType auto_per is not listed within any <LimitUsedDef> element in aggregatelimitused-config.xml and will not have an Aggregate Limits screen
localdev            2017-08-03 14:30:59,990 WARN 
localdev            2017-08-03 14:30:59,990 WARN !!! The server is in "development" mode. This mode should never be used for a production server.
localdev            2017-08-03 14:30:59,990 WARN 
localdev            2017-08-03 14:30:59,990 WARN 
localdev            2017-08-03 14:30:59,990 WARN !!! The server is using the Dynamic Code Evolution JVM.  This JVM is not recommended for a production server.
localdev            2017-08-03 14:30:59,990 WARN 
localdev            2017-08-03 14:31:00,028 INFO ***** ClaimCenter ready *****
localdev            2017-08-03 14:31:00,064 INFO com.guidewire.cc.system.integration.messaging.iso.ISOReceive initializing
localdev            2017-08-03 14:31:00,122 INFO Started SelectChannelConnector@0.0.0.0:58720
localdev            2017-08-03 14:31:01,144 INFO ********** main.MainTest ********** SUITE SETUP OK
localdev            2017-08-03 14:31:01,155 INFO **** testAll START **** 
localdev            2017-08-03 14:31:01,819 INFO **** START TEST : gwservices.accelerator.testing.gunit.GUnitTest*****
localdev            2017-08-03 14:31:01,970 INFO ****************************** START TEST METHODS ****************** 
localdev            2017-08-03 14:31:01,971 INFO **** Executing test method  testNothing
localdev            2017-08-03 14:31:01,971 INFO ****************************** END TEST METHODS ****************** 
localdev            2017-08-03 14:31:02,040 INFO **** END TEST : gwservices.accelerator.testing.gunit.GUnitTest*****
localdev            2017-08-03 14:31:02,041 INFO **** START TEST : gwservices.accelerator.testing.gunit.ISlowTest*****
localdev            2017-08-03 14:31:02,042 INFO **** END TEST : gwservices.accelerator.testing.gunit.ISlowTest*****
localdev            2017-08-03 14:31:02,043 INFO **** START TEST : gwservices.accelerator.testing.gunit.SlowTest*****
localdev            2017-08-03 14:31:02,047 INFO **** END TEST : gwservices.accelerator.testing.gunit.SlowTest*****
localdev            2017-08-03 14:31:02,055 INFO **** START TEST : gwservices.accelerator.testing.gunit.test.AbstractBaseAndSubclassTest*****
localdev            2017-08-03 14:31:02,262 INFO ****************************** START TEST METHODS ****************** 
localdev            2017-08-03 14:31:02,278 INFO **** Executing test method  testSequenceOfSuperAndSubclassMethodCalls
localdev            2017-08-03 14:31:02,394 INFO ****************************** END TEST METHODS ****************** 
localdev            2017-08-03 14:31:02,425 INFO **** END TEST : gwservices.accelerator.testing.gunit.test.AbstractBaseAndSubclassTest*****
localdev            2017-08-03 14:31:02,425 INFO **** START TEST : gwservices.accelerator.testing.gunit.test.BeforeAndAfterMethodsTestTest*****
localdev            2017-08-03 14:31:02,560 INFO ****************************** START TEST METHODS ****************** 
localdev            2017-08-03 14:31:02,600 INFO **** Executing test method  testMethodsCalledInExpectedOrder
localdev            2017-08-03 14:31:02,601 INFO **** Executing test method  testInstances
localdev            2017-08-03 14:31:02,611 INFO ****************************** END TEST METHODS ****************** 
localdev            2017-08-03 14:31:02,620 INFO **** END TEST : gwservices.accelerator.testing.gunit.test.BeforeAndAfterMethodsTestTest*****
localdev            2017-08-03 14:31:02,621 INFO **** START TEST : gwservices.accelerator.testing.gunit.test.MethodProtectionTestTest*****
localdev            2017-08-03 14:31:02,666 INFO ****************************** START TEST METHODS ****************** 
localdev            2017-08-03 14:31:02,667 INFO **** Executing test method  testMethodsRunInATest
localdev            2017-08-03 14:31:02,722 INFO ****************************** END TEST METHODS ****************** 
localdev            2017-08-03 14:31:02,728 INFO **** END TEST : gwservices.accelerator.testing.gunit.test.MethodProtectionTestTest*****
localdev            2017-08-03 14:31:02,728 INFO **** START TEST : gwservices.accelerator.testing.gunit.test.RunlevelTest*****
localdev            2017-08-03 14:31:02,870 INFO ****************************** START TEST METHODS ****************** 
localdev            2017-08-03 14:31:02,887 INFO **** Executing test method  testCaptureWebServerStartupMessages
localdev            2017-08-03 14:31:02,888 INFO **** Executing test method  testRunlevelNONE
localdev            2017-08-03 14:31:03,177 INFO **** Executing test method  testRunlevelGUIDEWIRE_STARTUP
localdev            2017-08-03 14:31:03,185 INFO **** Executing test method  testRunlevelSHUTDOWN
localdev            2017-08-03 14:31:03,190 INFO **** Executing test method  testRunlevelNODAEMONS
localdev            2017-08-03 14:31:03,195 INFO **** Executing test method  testRunlevelDAEMONS
localdev            2017-08-03 14:31:03,202 INFO **** Executing test method  testRunlevelMULTIUSER
localdev            2017-08-03 14:31:03,211 INFO **** Executing test method  testCaptureWebServerShutdownMessages
localdev            2017-08-03 14:31:03,212 INFO ****************************** END TEST METHODS ****************** 
localdev            2017-08-03 14:31:03,218 INFO **** END TEST : gwservices.accelerator.testing.gunit.test.RunlevelTest*****
localdev            2017-08-03 14:31:03,219 INFO **** START TEST : gwservices.accelerator.testing.gunit.test.TestConstantsTest*****
localdev            2017-08-03 14:31:03,238 INFO ****************************** START TEST METHODS ****************** 
localdev            2017-08-03 14:31:03,239 INFO **** Executing test method  test_PROJECT_ROOT_DIRECTORY_PATH_value
localdev            2017-08-03 14:31:03,239 INFO **** Executing test method  test_MODULES_DIRECTORY_PATH_value
localdev            2017-08-03 14:31:03,240 INFO **** Executing test method  test_MODULES_CONFIGURATION_DIRECTORY_PATH_value
localdev            2017-08-03 14:31:03,240 INFO ****************************** END TEST METHODS ****************** 
localdev            2017-08-03 14:31:03,253 INFO **** END TEST : gwservices.accelerator.testing.gunit.test.TestConstantsTest*****
localdev            2017-08-03 14:31:03,253 INFO **** START TEST : gwservices.accelerator.testing.gunit.test.TestMethodsThatShouldNotBeCalledTest*****
localdev            2017-08-03 14:31:03,268 INFO ****************************** START TEST METHODS ****************** 
localdev            2017-08-03 14:31:03,269 INFO **** Executing test method  testNothing
localdev            2017-08-03 14:31:03,269 INFO ****************************** END TEST METHODS ****************** 
localdev            2017-08-03 14:31:03,273 INFO **** END TEST : gwservices.accelerator.testing.gunit.test.TestMethodsThatShouldNotBeCalledTest*****
localdev            2017-08-03 14:31:03,274 INFO **** START TEST : gwservices.accelerator.testing.gunit.test.TextTestRunnerTest*****
localdev            2017-08-03 14:31:03,474 INFO ****************************** START TEST METHODS ****************** 
localdev            2017-08-03 14:31:03,474 INFO **** Executing test method  test_PATH_TO_GTEST_DIR_value
localdev            2017-08-03 14:31:03,474 INFO **** Executing test method  testRunAllTests
localdev            2017-08-03 14:31:04,198 INFO **** Executing test method  testRunTestInPackage
localdev            2017-08-03 14:31:04,203 INFO **** Executing test method  testClassNameDoesNotEndWith_Test
localdev            2017-08-03 14:31:04,208 INFO **** Executing test method  testClassDoesNotExtend_TestBase_Class
localdev            2017-08-03 14:31:04,215 INFO **** Executing test method  testClassDoesNotHave_ServerTest_Annotation
localdev            2017-08-03 14:31:04,224 INFO **** Executing test method  testAbstractBaseAndSubclassTest
localdev            2017-08-03 14:31:04,228 INFO **** Executing test method  testOnePassingTest
localdev            2017-08-03 14:31:04,230 INFO **** Executing test method  testTwoPassingTests
localdev            2017-08-03 14:31:04,231 INFO **** Executing test method  testHasNoTestMethods
localdev            2017-08-03 14:31:04,258 INFO ****************************** END TEST METHODS ****************** 
localdev            2017-08-03 14:31:04,316 INFO **** END TEST : gwservices.accelerator.testing.gunit.test.TextTestRunnerTest*****
localdev            2017-08-03 14:31:04,316 INFO **** START TEST : gwservices.accelerator.testing.gunit.test.VariousMethodsThrowExceptionsTestTest*****
localdev            2017-08-03 14:31:04,317 INFO ****************************** START TEST METHODS ****************** 
localdev            2017-08-03 14:31:04,317 INFO **** Executing test method  testBeforeClassMethodThrowsException
localdev            2017-08-03 14:31:04,324 INFO **** Executing test method  testBeforeMethodMethodThrowsException
localdev            2017-08-03 14:31:04,334 INFO **** Executing test method  testMainTestMethodAndAllAfterMethodsThrowExceptions
localdev            2017-08-03 14:31:04,340 INFO **** Executing test method  testOnlyAfterMethodsThrowExceptions
localdev            2017-08-03 14:31:04,348 INFO **** Executing test method  testAfterClassMethodThrowsException
localdev            2017-08-03 14:31:04,357 INFO ****************************** END TEST METHODS ****************** 
localdev            2017-08-03 14:31:04,385 INFO **** END TEST : gwservices.accelerator.testing.gunit.test.VariousMethodsThrowExceptionsTestTest*****
localdev            2017-08-03 14:31:04,388 INFO **** START TEST : gwservices.accelerator.testing.gunit.test.runlevel.RunlevelDaemonsTest*****
localdev            2017-08-03 14:31:04,389 INFO ****************************** START TEST METHODS ****************** 
localdev            2017-08-03 14:31:04,389 INFO **** Executing test method  testMethodToRun
localdev            2017-08-03 14:31:04,389 INFO ****************************** END TEST METHODS ****************** 
localdev            2017-08-03 14:31:04,400 INFO **** END TEST : gwservices.accelerator.testing.gunit.test.runlevel.RunlevelDaemonsTest*****
localdev            2017-08-03 14:31:04,400 INFO **** START TEST : gwservices.accelerator.testing.gunit.test.runlevel.RunlevelDefaultTest*****
localdev            2017-08-03 14:31:04,401 INFO ****************************** START TEST METHODS ****************** 
localdev            2017-08-03 14:31:04,401 INFO **** Executing test method  testMethodToRun
localdev            2017-08-03 14:31:04,401 INFO ****************************** END TEST METHODS ****************** 
localdev            2017-08-03 14:31:04,409 INFO **** END TEST : gwservices.accelerator.testing.gunit.test.runlevel.RunlevelDefaultTest*****
localdev            2017-08-03 14:31:04,409 INFO **** START TEST : gwservices.accelerator.testing.gunit.test.runlevel.RunlevelGuidewireStartupTest*****
localdev            2017-08-03 14:31:04,409 INFO ****************************** START TEST METHODS ****************** 
localdev            2017-08-03 14:31:04,409 INFO **** Executing test method  testMethodToRun
localdev            2017-08-03 14:31:04,410 INFO ****************************** END TEST METHODS ****************** 
localdev            2017-08-03 14:31:04,420 INFO **** END TEST : gwservices.accelerator.testing.gunit.test.runlevel.RunlevelGuidewireStartupTest*****
localdev            2017-08-03 14:31:04,421 INFO **** START TEST : gwservices.accelerator.testing.gunit.test.runlevel.RunlevelMultiUserTest*****
localdev            2017-08-03 14:31:04,421 INFO ****************************** START TEST METHODS ****************** 
localdev            2017-08-03 14:31:04,421 INFO **** Executing test method  testMethodToRun
localdev            2017-08-03 14:31:04,421 INFO ****************************** END TEST METHODS ****************** 
localdev            2017-08-03 14:31:04,426 INFO **** END TEST : gwservices.accelerator.testing.gunit.test.runlevel.RunlevelMultiUserTest*****
localdev            2017-08-03 14:31:04,426 INFO **** START TEST : gwservices.accelerator.testing.gunit.test.runlevel.RunlevelNoDaemonsTest*****
localdev            2017-08-03 14:31:04,427 INFO ****************************** START TEST METHODS ****************** 
localdev            2017-08-03 14:31:04,427 INFO **** Executing test method  testMethodToRun
localdev            2017-08-03 14:31:04,427 INFO ****************************** END TEST METHODS ****************** 
localdev            2017-08-03 14:31:04,434 INFO **** END TEST : gwservices.accelerator.testing.gunit.test.runlevel.RunlevelNoDaemonsTest*****
localdev            2017-08-03 14:31:04,434 INFO **** START TEST : gwservices.accelerator.testing.gunit.test.runlevel.RunlevelNoneTest*****
localdev            2017-08-03 14:31:04,434 INFO ****************************** START TEST METHODS ****************** 
localdev            2017-08-03 14:31:04,434 INFO **** Executing test method  testMethodToRun
localdev            2017-08-03 14:31:04,435 INFO ****************************** END TEST METHODS ****************** 
localdev            2017-08-03 14:31:04,438 INFO **** END TEST : gwservices.accelerator.testing.gunit.test.runlevel.RunlevelNoneTest*****
localdev            2017-08-03 14:31:04,438 INFO **** START TEST : gwservices.accelerator.testing.gunit.test.runlevel.RunlevelShutdownTest*****
localdev            2017-08-03 14:31:04,439 INFO ****************************** START TEST METHODS ****************** 
localdev            2017-08-03 14:31:04,439 INFO **** Executing test method  testMethodToRun
localdev            2017-08-03 14:31:04,439 INFO ****************************** END TEST METHODS ****************** 
localdev            2017-08-03 14:31:04,446 INFO **** END TEST : gwservices.accelerator.testing.gunit.test.runlevel.RunlevelShutdownTest*****
localdev            2017-08-03 14:31:04,449 INFO **** START TEST : gwservices.accelerator.testing.gunit.test.stubs.AbstractBaseClassTest*****
localdev            2017-08-03 14:31:04,450 INFO **** END TEST : gwservices.accelerator.testing.gunit.test.stubs.AbstractBaseClassTest*****
localdev            2017-08-03 14:31:04,451 INFO **** START TEST : gwservices.accelerator.testing.gunit.test.stubs.BeforeAndAfterMethodsTest*****
localdev            2017-08-03 14:31:04,452 INFO ****************************** START TEST METHODS ****************** 
localdev            2017-08-03 14:31:04,452 INFO **** Executing test method  testOne
localdev            2017-08-03 14:31:04,452 INFO **** Executing test method  testTwo
localdev            2017-08-03 14:31:04,453 INFO **** Executing test method  testThree
localdev            2017-08-03 14:31:04,453 INFO ****************************** END TEST METHODS ****************** 
localdev            2017-08-03 14:31:04,515 INFO **** END TEST : gwservices.accelerator.testing.gunit.test.stubs.BeforeAndAfterMethodsTest*****
localdev            2017-08-03 14:31:04,515 INFO **** START TEST : gwservices.accelerator.testing.gunit.test.stubs.DoesNotExtendTestBaseTest*****
localdev            2017-08-03 14:31:04,516 INFO **** END TEST : gwservices.accelerator.testing.gunit.test.stubs.DoesNotExtendTestBaseTest*****
localdev            2017-08-03 14:31:04,516 INFO **** START TEST : gwservices.accelerator.testing.gunit.test.stubs.DoesNotHaveServerTestAnnotationTest*****
localdev            2017-08-03 14:31:04,517 INFO ****************************** START TEST METHODS ****************** 
localdev            2017-08-03 14:31:04,517 INFO **** Executing test method  testNothing
localdev            2017-08-03 14:31:04,517 INFO ****************************** END TEST METHODS ****************** 
localdev            2017-08-03 14:31:04,521 INFO **** END TEST : gwservices.accelerator.testing.gunit.test.stubs.DoesNotHaveServerTestAnnotationTest*****
localdev            2017-08-03 14:31:04,521 INFO **** START TEST : gwservices.accelerator.testing.gunit.test.stubs.MethodProtectionTest*****
localdev            2017-08-03 14:31:04,521 INFO ****************************** START TEST METHODS ****************** 
localdev            2017-08-03 14:31:04,522 INFO **** Executing test method  testMethodThatShouldRun
localdev            2017-08-03 14:31:04,522 INFO ****************************** END TEST METHODS ****************** 
localdev            2017-08-03 14:31:04,526 INFO **** END TEST : gwservices.accelerator.testing.gunit.test.stubs.MethodProtectionTest*****
localdev            2017-08-03 14:31:04,526 INFO **** START TEST : gwservices.accelerator.testing.gunit.test.stubs.MinimalAlwaysRunsTest*****
localdev            2017-08-03 14:31:04,527 INFO ****************************** START TEST METHODS ****************** 
localdev            2017-08-03 14:31:04,527 INFO **** Executing test method  testNothing
localdev            2017-08-03 14:31:04,527 INFO ****************************** END TEST METHODS ****************** 
localdev            2017-08-03 14:31:04,532 INFO **** END TEST : gwservices.accelerator.testing.gunit.test.stubs.MinimalAlwaysRunsTest*****
localdev            2017-08-03 14:31:04,532 INFO **** START TEST : gwservices.accelerator.testing.gunit.test.stubs.OnePassingTest*****
localdev            2017-08-03 14:31:04,533 INFO ****************************** START TEST METHODS ****************** 
localdev            2017-08-03 14:31:04,533 INFO **** Executing test method  testPasses
localdev            2017-08-03 14:31:04,533 INFO ****************************** END TEST METHODS ****************** 
localdev            2017-08-03 14:31:04,538 INFO **** END TEST : gwservices.accelerator.testing.gunit.test.stubs.OnePassingTest*****
localdev            2017-08-03 14:31:04,539 INFO **** START TEST : gwservices.accelerator.testing.gunit.test.stubs.SubclassTest*****
localdev            2017-08-03 14:31:04,540 INFO ****************************** START TEST METHODS ****************** 
localdev            2017-08-03 14:31:04,540 INFO **** Executing test method  testInSubclass
localdev            2017-08-03 14:31:04,540 INFO ****************************** END TEST METHODS ****************** 
localdev            2017-08-03 14:31:04,544 INFO **** END TEST : gwservices.accelerator.testing.gunit.test.stubs.SubclassTest*****
localdev            2017-08-03 14:31:04,544 INFO **** START TEST : gwservices.accelerator.testing.gunit.test.stubs.TwoPassingTest*****
localdev            2017-08-03 14:31:04,544 INFO ****************************** START TEST METHODS ****************** 
localdev            2017-08-03 14:31:04,544 INFO **** Executing test method  testOne
localdev            2017-08-03 14:31:04,544 INFO **** Executing test method  testTwo
localdev            2017-08-03 14:31:04,545 INFO ****************************** END TEST METHODS ****************** 
localdev            2017-08-03 14:31:04,551 INFO **** END TEST : gwservices.accelerator.testing.gunit.test.stubs.TwoPassingTest*****
localdev            2017-08-03 14:31:04,613 INFO **** START TEST : gwservices.accelerator.testing.gunit.test.stubs.VariousMethodsThrowExceptionsTest*****
localdev            2017-08-03 14:31:04,613 INFO ****************************** START TEST METHODS ****************** 
localdev            2017-08-03 14:31:04,614 INFO **** Executing test method  testThrowsException
localdev            2017-08-03 14:31:04,614 INFO ****************************** END TEST METHODS ****************** 
localdev            2017-08-03 14:31:04,623 INFO **** END TEST : gwservices.accelerator.testing.gunit.test.stubs.VariousMethodsThrowExceptionsTest*****
localdev            2017-08-03 14:31:04,625 INFO **** testAll END **** 
localdev            2017-08-03 14:31:04,626 INFO ********** main.MainTest ********** SUITE TEARDOWN
localdev            2017-08-03 14:31:04,628 INFO BatchProcessManager stopping...
localdev            2017-08-03 14:31:04,631 INFO BatchProcessManager stopped
localdev            2017-08-03 14:31:04,636 INFO Stopping database
localdev            2017-08-03 14:31:04,636 INFO Stopped database
localdev            2017-08-03 14:31:04,636 INFO Decreased runlevel to 'SHUTDOWN'
localdev            2017-08-03 14:31:04,750 INFO Decreased runlevel to 'GUIDEWIRE_STARTUP'
localdev            2017-08-03 14:31:04,798 INFO ***** ClaimCenter shutting down *****
localdev            2017-08-03 14:31:04,798 INFO Decreased runlevel to 'NONE'
localdev            2017-08-03 14:31:04,798 INFO ***** ClaimCenter successfully shut down *****
localdev            2017-08-03 14:31:06,176 INFO Memory usage: 292.029 MB used (both active and stale objects), 413.750 MB free, 705.781 MB total, 1979.750 MB max. --  Please read 'Memory usage logging' in the System Administration Guide for information on how to interpret these numbers.
localdev            2017-08-03 14:31:06,178 INFO Active threads: 5 (main, Test Runner, MemoryWatchdogThread, Timer-3, com.guidewire.pl.log.internal.LoggerAdapter$1@651b597d)
]]></system-out>
  <system-err><![CDATA[]]></system-err>
</testsuite>
